Running Model with pred_len 720...
Args in experiment:
Namespace(task_name='long_term_forecast', is_training=1, model_id='Exchange_96_720', model='Pyraformer', data='custom', root_path='./dataset/exchange_rate/', data_path='exchange_rate_VARMA_Residuals.csv', features='M', target='OT', freq='h', checkpoints='./checkpoints/', seq_len=96, label_len=48, pred_len=720, seasonal_patterns='Monthly', mask_rate=0.25, anomaly_ratio=0.25, top_k=5, num_kernels=6, enc_in=9, dec_in=9, c_out=9, d_model=512, n_heads=8, e_layers=2, d_layers=1, d_ff=2048, moving_avg=25, factor=3, distil=True, dropout=0.1, embed='timeF', activation='gelu', output_attention=False, num_workers=10, itr=1, train_epochs=10, batch_size=32, patience=3, learning_rate=0.0001, des='Exp', loss='MSE', lradj='type1', use_amp=False, use_gpu=True, gpu=0, use_multi_gpu=False, devices='0,1,2,3', p_hidden_dims=[128, 128], p_hidden_layers=2)
Use GPU: cuda:0
>>>>>>>start training : long_term_forecast_Exchange_96_720_Pyraformer_custom_ftM_sl96_ll48_pl720_dm512_nh8_el2_dl1_df2048_fc3_ebtimeF_dtTrue_Exp_0>>>>>>>>>>>>>>>>>>>>>>>>>>
train 4496
val 41
test 798
	iters: 100, epoch: 1 | loss: 0.2860425
	speed: 0.0888s/iter; left time: 115.5674s
Epoch: 1 cost time: 12.037336826324463
Epoch: 1, Steps: 140 | Train Loss: 0.3755338 Vali Loss: 3.0579500 Test Loss: 1.7265105
Validation loss decreased (inf --> 3.057950).  Saving model ...
Updating learning rate to 0.0001
	iters: 100, epoch: 2 | loss: 0.2080716
	speed: 0.1775s/iter; left time: 206.1321s
Epoch: 2 cost time: 11.268179178237915
Epoch: 2, Steps: 140 | Train Loss: 0.2141852 Vali Loss: 3.5650795 Test Loss: 1.8842180
EarlyStopping counter: 1 out of 3
Updating learning rate to 5e-05
	iters: 100, epoch: 3 | loss: 0.1884702
	speed: 0.1722s/iter; left time: 175.8586s
Epoch: 3 cost time: 11.119535446166992
Epoch: 3, Steps: 140 | Train Loss: 0.1829745 Vali Loss: 3.3771253 Test Loss: 1.6536195
EarlyStopping counter: 2 out of 3
Updating learning rate to 2.5e-05
	iters: 100, epoch: 4 | loss: 0.1804245
	speed: 0.1719s/iter; left time: 151.4389s
Epoch: 4 cost time: 11.105814218521118
Epoch: 4, Steps: 140 | Train Loss: 0.1728865 Vali Loss: 3.4902928 Test Loss: 1.7177680
EarlyStopping counter: 3 out of 3
Early stopping
>>>>>>>testing : long_term_forecast_Exchange_96_720_Pyraformer_custom_ftM_sl96_ll48_pl720_dm512_nh8_el2_dl1_df2048_fc3_ebtimeF_dtTrue_Exp_0<<<<<<<<<<<<<<<<<<<<<<<<<<<<<<<<<
test 798
test shape: (798, 1, 720, 9) (798, 1, 720, 9)
test shape: (798, 720, 9) (798, 720, 9)
mse:1.7265092134475708, mae:1.0454031229019165

