Running Model with pred_len 192...
Args in experiment:
Namespace(task_name='long_term_forecast', is_training=1, model_id='Exchange_96_192', model='Pyraformer', data='custom', root_path='./dataset/exchange_rate/', data_path='exchange_rate_VARMA_Residuals.csv', features='M', target='OT', freq='h', checkpoints='./checkpoints/', seq_len=96, label_len=48, pred_len=192, seasonal_patterns='Monthly', mask_rate=0.25, anomaly_ratio=0.25, top_k=5, num_kernels=6, enc_in=9, dec_in=9, c_out=9, d_model=512, n_heads=8, e_layers=2, d_layers=1, d_ff=2048, moving_avg=25, factor=3, distil=True, dropout=0.1, embed='timeF', activation='gelu', output_attention=False, num_workers=10, itr=1, train_epochs=10, batch_size=32, patience=3, learning_rate=0.0001, des='Exp', loss='MSE', lradj='type1', use_amp=False, use_gpu=True, gpu=0, use_multi_gpu=False, devices='0,1,2,3', p_hidden_dims=[128, 128], p_hidden_layers=2)
Use GPU: cuda:0
>>>>>>>start training : long_term_forecast_Exchange_96_192_Pyraformer_custom_ftM_sl96_ll48_pl192_dm512_nh8_el2_dl1_df2048_fc3_ebtimeF_dtTrue_Exp_0>>>>>>>>>>>>>>>>>>>>>>>>>>
train 5024
val 569
test 1326
	iters: 100, epoch: 1 | loss: 0.2009199
	speed: 0.0839s/iter; left time: 123.3748s
Epoch: 1 cost time: 12.724136352539062
Epoch: 1, Steps: 157 | Train Loss: 0.3041519 Vali Loss: 1.4243443 Test Loss: 1.0541005
Validation loss decreased (inf --> 1.424344).  Saving model ...
Updating learning rate to 0.0001
	iters: 100, epoch: 2 | loss: 0.1925603
	speed: 0.2112s/iter; left time: 277.5542s
Epoch: 2 cost time: 11.842384815216064
Epoch: 2, Steps: 157 | Train Loss: 0.1947634 Vali Loss: 1.2969228 Test Loss: 0.8551541
Validation loss decreased (1.424344 --> 1.296923).  Saving model ...
Updating learning rate to 5e-05
	iters: 100, epoch: 3 | loss: 0.1900964
	speed: 0.2151s/iter; left time: 248.8389s
Epoch: 3 cost time: 11.631136417388916
Epoch: 3, Steps: 157 | Train Loss: 0.1712381 Vali Loss: 1.3121969 Test Loss: 0.8354183
EarlyStopping counter: 1 out of 3
Updating learning rate to 2.5e-05
	iters: 100, epoch: 4 | loss: 0.1816136
	speed: 0.2066s/iter; left time: 206.6279s
Epoch: 4 cost time: 11.537623882293701
Epoch: 4, Steps: 157 | Train Loss: 0.1619118 Vali Loss: 1.2625026 Test Loss: 0.8208843
Validation loss decreased (1.296923 --> 1.262503).  Saving model ...
Updating learning rate to 1.25e-05
	iters: 100, epoch: 5 | loss: 0.1490756
	speed: 0.2125s/iter; left time: 179.1729s
Epoch: 5 cost time: 11.690686225891113
Epoch: 5, Steps: 157 | Train Loss: 0.1586230 Vali Loss: 1.2883599 Test Loss: 0.8477754
EarlyStopping counter: 1 out of 3
Updating learning rate to 6.25e-06
	iters: 100, epoch: 6 | loss: 0.1638435
	speed: 0.2076s/iter; left time: 142.3990s
Epoch: 6 cost time: 11.620105266571045
Epoch: 6, Steps: 157 | Train Loss: 0.1574993 Vali Loss: 1.3004479 Test Loss: 0.8590950
EarlyStopping counter: 2 out of 3
Updating learning rate to 3.125e-06
	iters: 100, epoch: 7 | loss: 0.1515980
	speed: 0.2104s/iter; left time: 111.3197s
Epoch: 7 cost time: 11.601115942001343
Epoch: 7, Steps: 157 | Train Loss: 0.1558975 Vali Loss: 1.2850475 Test Loss: 0.8571677
EarlyStopping counter: 3 out of 3
Early stopping
>>>>>>>testing : long_term_forecast_Exchange_96_192_Pyraformer_custom_ftM_sl96_ll48_pl192_dm512_nh8_el2_dl1_df2048_fc3_ebtimeF_dtTrue_Exp_0<<<<<<<<<<<<<<<<<<<<<<<<<<<<<<<<<
test 1326
test shape: (1326, 1, 192, 9) (1326, 1, 192, 9)
test shape: (1326, 192, 9) (1326, 192, 9)
mse:0.820884108543396, mae:0.7037323713302612