Running Model with pred_len 720...
Args in experiment:
Namespace(task_name='long_term_forecast', is_training=1, model_id='Exchange_96_720', model='PatchTST', data='custom', root_path='./dataset/exchange_rate/', data_path='exchange_rate_VARMA_Residuals.csv', features='M', target='OT', freq='h', checkpoints='./checkpoints/', seq_len=96, label_len=48, pred_len=720, seasonal_patterns='Monthly', mask_rate=0.25, anomaly_ratio=0.25, top_k=5, num_kernels=6, enc_in=9, dec_in=9, c_out=9, d_model=512, n_heads=8, e_layers=2, d_layers=1, d_ff=2048, moving_avg=25, factor=3, distil=True, dropout=0.1, embed='timeF', activation='gelu', output_attention=False, num_workers=10, itr=1, train_epochs=10, batch_size=32, patience=3, learning_rate=0.0001, des='Exp', loss='MSE', lradj='type1', use_amp=False, use_gpu=True, gpu=0, use_multi_gpu=False, devices='0,1,2,3', p_hidden_dims=[128, 128], p_hidden_layers=2)
Use GPU: cuda:0
>>>>>>>start training : long_term_forecast_Exchange_96_720_PatchTST_custom_ftM_sl96_ll48_pl720_dm512_nh8_el2_dl1_df2048_fc3_ebtimeF_dtTrue_Exp_0>>>>>>>>>>>>>>>>>>>>>>>>>>
train 4496
val 41
test 798
	iters: 100, epoch: 1 | loss: 0.9186055
	speed: 0.0748s/iter; left time: 97.2863s
Epoch: 1 cost time: 10.073232889175415
Epoch: 1, Steps: 140 | Train Loss: 0.8561630 Vali Loss: 1.1829704 Test Loss: 0.8411096
Validation loss decreased (inf --> 1.182970).  Saving model ...
Updating learning rate to 0.0001
	iters: 100, epoch: 2 | loss: 0.9103100
	speed: 0.1458s/iter; left time: 169.2963s
Epoch: 2 cost time: 9.311320066452026
Epoch: 2, Steps: 140 | Train Loss: 0.8442312 Vali Loss: 1.1259069 Test Loss: 0.8495796
Validation loss decreased (1.182970 --> 1.125907).  Saving model ...
Updating learning rate to 5e-05
	iters: 100, epoch: 3 | loss: 0.7938098
	speed: 0.1473s/iter; left time: 150.4175s
Epoch: 3 cost time: 9.428025007247925
Epoch: 3, Steps: 140 | Train Loss: 0.8354986 Vali Loss: 1.0689828 Test Loss: 0.8508105
Validation loss decreased (1.125907 --> 1.068983).  Saving model ...
Updating learning rate to 2.5e-05
	iters: 100, epoch: 4 | loss: 0.8712125
	speed: 0.1459s/iter; left time: 128.5475s
Epoch: 4 cost time: 9.1246178150177
Epoch: 4, Steps: 140 | Train Loss: 0.8295818 Vali Loss: 1.0173177 Test Loss: 0.8906626
Validation loss decreased (1.068983 --> 1.017318).  Saving model ...
Updating learning rate to 1.25e-05
	iters: 100, epoch: 5 | loss: 0.8205313
	speed: 0.1432s/iter; left time: 106.1294s
Epoch: 5 cost time: 8.88424277305603
Epoch: 5, Steps: 140 | Train Loss: 0.8269024 Vali Loss: 1.0736021 Test Loss: 0.8575351
EarlyStopping counter: 1 out of 3
Updating learning rate to 6.25e-06
	iters: 100, epoch: 6 | loss: 0.8496101
	speed: 0.1413s/iter; left time: 84.9439s
Epoch: 6 cost time: 8.906579732894897
Epoch: 6, Steps: 140 | Train Loss: 0.8237441 Vali Loss: 0.9885938 Test Loss: 0.8733947
Validation loss decreased (1.017318 --> 0.988594).  Saving model ...
Updating learning rate to 3.125e-06
	iters: 100, epoch: 7 | loss: 0.8936370
	speed: 0.1431s/iter; left time: 65.9776s
Epoch: 7 cost time: 9.153820991516113
Epoch: 7, Steps: 140 | Train Loss: 0.8228866 Vali Loss: 1.0652130 Test Loss: 0.8544558
EarlyStopping counter: 1 out of 3
Updating learning rate to 1.5625e-06
	iters: 100, epoch: 8 | loss: 0.9584911
	speed: 0.1441s/iter; left time: 46.2604s
Epoch: 8 cost time: 9.330949306488037
Epoch: 8, Steps: 140 | Train Loss: 0.8224613 Vali Loss: 1.0526140 Test Loss: 0.8515106
EarlyStopping counter: 2 out of 3
Updating learning rate to 7.8125e-07
	iters: 100, epoch: 9 | loss: 0.9759808
	speed: 0.1431s/iter; left time: 25.8983s
Epoch: 9 cost time: 9.061602354049683
Epoch: 9, Steps: 140 | Train Loss: 0.8202306 Vali Loss: 1.0850224 Test Loss: 0.8548936
EarlyStopping counter: 3 out of 3
Early stopping
>>>>>>>testing : long_term_forecast_Exchange_96_720_PatchTST_custom_ftM_sl96_ll48_pl720_dm512_nh8_el2_dl1_df2048_fc3_ebtimeF_dtTrue_Exp_0<<<<<<<<<<<<<<<<<<<<<<<<<<<<<<<<<
test 798
test shape: (798, 1, 720, 9) (798, 1, 720, 9)
test shape: (798, 720, 9) (798, 720, 9)
mse:0.8733949065208435, mae:0.6939398050308228