Running Model with pred_len 192...
Args in experiment:
Namespace(task_name='long_term_forecast', is_training=1, model_id='Exchange_96_192', model='Autoformer', data='custom', root_path='./dataset/exchange_rate/', data_path='exchange_rate_VARMA_Residuals.csv', features='M', target='OT', freq='h', checkpoints='./checkpoints/', seq_len=96, label_len=48, pred_len=192, seasonal_patterns='Monthly', mask_rate=0.25, anomaly_ratio=0.25, top_k=5, num_kernels=6, enc_in=9, dec_in=9, c_out=9, d_model=512, n_heads=8, e_layers=2, d_layers=1, d_ff=2048, moving_avg=25, factor=3, distil=True, dropout=0.1, embed='timeF', activation='gelu', output_attention=False, num_workers=10, itr=1, train_epochs=10, batch_size=32, patience=3, learning_rate=0.0001, des='Exp', loss='MSE', lradj='type1', use_amp=False, use_gpu=True, gpu=0, use_multi_gpu=False, devices='0,1,2,3', p_hidden_dims=[128, 128], p_hidden_layers=2)
Use GPU: cuda:0
>>>>>>>start training : long_term_forecast_Exchange_96_192_Autoformer_custom_ftM_sl96_ll48_pl192_dm512_nh8_el2_dl1_df2048_fc3_ebtimeF_dtTrue_Exp_0>>>>>>>>>>>>>>>>>>>>>>>>>>
train 5024
val 569
test 1326
	iters: 100, epoch: 1 | loss: 0.6031445
	speed: 0.2877s/iter; left time: 423.2343s
Epoch: 1 cost time: 44.88729667663574
Epoch: 1, Steps: 157 | Train Loss: 0.4273253 Vali Loss: 0.4665752 Test Loss: 0.3659556
Validation loss decreased (inf --> 0.466575).  Saving model ...
Updating learning rate to 0.0001
	iters: 100, epoch: 2 | loss: 0.2928368
	speed: 0.7489s/iter; left time: 984.1090s
Epoch: 2 cost time: 44.401591539382935
Epoch: 2, Steps: 157 | Train Loss: 0.3922729 Vali Loss: 0.4536565 Test Loss: 0.3869766
Validation loss decreased (0.466575 --> 0.453657).  Saving model ...
Updating learning rate to 5e-05
	iters: 100, epoch: 3 | loss: 0.4461065
	speed: 0.7538s/iter; left time: 872.1804s
Epoch: 3 cost time: 44.277652740478516
Epoch: 3, Steps: 157 | Train Loss: 0.3660875 Vali Loss: 0.4632713 Test Loss: 0.4139799
EarlyStopping counter: 1 out of 3
Updating learning rate to 2.5e-05
	iters: 100, epoch: 4 | loss: 0.3226567
	speed: 0.7521s/iter; left time: 752.1235s
Epoch: 4 cost time: 44.17630076408386
Epoch: 4, Steps: 157 | Train Loss: 0.3408633 Vali Loss: 0.5116420 Test Loss: 0.4375158
EarlyStopping counter: 2 out of 3
Updating learning rate to 1.25e-05
	iters: 100, epoch: 5 | loss: 0.2555035
	speed: 0.7440s/iter; left time: 627.1947s
Epoch: 5 cost time: 44.31619739532471
Epoch: 5, Steps: 157 | Train Loss: 0.3252376 Vali Loss: 0.5136726 Test Loss: 0.4388746
EarlyStopping counter: 3 out of 3
Early stopping
>>>>>>>testing : long_term_forecast_Exchange_96_192_Autoformer_custom_ftM_sl96_ll48_pl192_dm512_nh8_el2_dl1_df2048_fc3_ebtimeF_dtTrue_Exp_0<<<<<<<<<<<<<<<<<<<<<<<<<<<<<<<<<
test 1326
test shape: (1326, 1, 192, 9) (1326, 1, 192, 9)
test shape: (1326, 192, 9) (1326, 192, 9)
mse:0.38697686791419983, mae:0.43562448024749756