Running Model with pred_len 192...
Args in experiment:
Namespace(task_name='long_term_forecast', is_training=1, model_id='Exchange_96_192', model='PatchTST', data='custom', root_path='./dataset/exchange_rate/', data_path='exchange_rate_VARMA_Residuals.csv', features='M', target='OT', freq='h', checkpoints='./checkpoints/', seq_len=96, label_len=48, pred_len=192, seasonal_patterns='Monthly', mask_rate=0.25, anomaly_ratio=0.25, top_k=5, num_kernels=6, enc_in=9, dec_in=9, c_out=9, d_model=512, n_heads=8, e_layers=2, d_layers=1, d_ff=2048, moving_avg=25, factor=3, distil=True, dropout=0.1, embed='timeF', activation='gelu', output_attention=False, num_workers=10, itr=1, train_epochs=10, batch_size=32, patience=3, learning_rate=0.0001, des='Exp', loss='MSE', lradj='type1', use_amp=False, use_gpu=True, gpu=0, use_multi_gpu=False, devices='0,1,2,3', p_hidden_dims=[128, 128], p_hidden_layers=2)
Use GPU: cuda:0
>>>>>>>start training : long_term_forecast_Exchange_96_192_PatchTST_custom_ftM_sl96_ll48_pl192_dm512_nh8_el2_dl1_df2048_fc3_ebtimeF_dtTrue_Exp_0>>>>>>>>>>>>>>>>>>>>>>>>>>
train 5024
val 569
test 1326
	iters: 100, epoch: 1 | loss: 0.3124989
	speed: 0.0685s/iter; left time: 100.8282s
Epoch: 1 cost time: 10.24283504486084
Epoch: 1, Steps: 157 | Train Loss: 0.3596173 Vali Loss: 0.3914224 Test Loss: 0.2881385
Validation loss decreased (inf --> 0.391422).  Saving model ...
Updating learning rate to 0.0001
	iters: 100, epoch: 2 | loss: 0.3264915
	speed: 0.1676s/iter; left time: 220.2284s
Epoch: 2 cost time: 9.996594190597534
Epoch: 2, Steps: 157 | Train Loss: 0.3433902 Vali Loss: 0.3880258 Test Loss: 0.2999804
Validation loss decreased (0.391422 --> 0.388026).  Saving model ...
Updating learning rate to 5e-05
	iters: 100, epoch: 3 | loss: 0.3027044
	speed: 0.1739s/iter; left time: 201.1486s
Epoch: 3 cost time: 9.752103328704834
Epoch: 3, Steps: 157 | Train Loss: 0.3376997 Vali Loss: 0.3824838 Test Loss: 0.2957275
Validation loss decreased (0.388026 --> 0.382484).  Saving model ...
Updating learning rate to 2.5e-05
	iters: 100, epoch: 4 | loss: 0.3004280
	speed: 0.1665s/iter; left time: 166.5102s
Epoch: 4 cost time: 9.264688968658447
Epoch: 4, Steps: 157 | Train Loss: 0.3345459 Vali Loss: 0.3833103 Test Loss: 0.2931623
EarlyStopping counter: 1 out of 3
Updating learning rate to 1.25e-05
	iters: 100, epoch: 5 | loss: 0.3529698
	speed: 0.1634s/iter; left time: 137.7113s
Epoch: 5 cost time: 9.23982286453247
Epoch: 5, Steps: 157 | Train Loss: 0.3328051 Vali Loss: 0.3871057 Test Loss: 0.2916248
EarlyStopping counter: 2 out of 3
Updating learning rate to 6.25e-06
	iters: 100, epoch: 6 | loss: 0.3482602
	speed: 0.1618s/iter; left time: 110.9884s
Epoch: 6 cost time: 9.422094821929932
Epoch: 6, Steps: 157 | Train Loss: 0.3319485 Vali Loss: 0.3818698 Test Loss: 0.2938073
Validation loss decreased (0.382484 --> 0.381870).  Saving model ...
Updating learning rate to 3.125e-06
	iters: 100, epoch: 7 | loss: 0.3066239
	speed: 0.1661s/iter; left time: 87.8615s
Epoch: 7 cost time: 9.611652374267578
Epoch: 7, Steps: 157 | Train Loss: 0.3316427 Vali Loss: 0.3830642 Test Loss: 0.2938133
EarlyStopping counter: 1 out of 3
Updating learning rate to 1.5625e-06
	iters: 100, epoch: 8 | loss: 0.2214507
	speed: 0.1683s/iter; left time: 62.6208s
Epoch: 8 cost time: 9.530205011367798
Epoch: 8, Steps: 157 | Train Loss: 0.3311997 Vali Loss: 0.3834473 Test Loss: 0.2932335
EarlyStopping counter: 2 out of 3
Updating learning rate to 7.8125e-07
	iters: 100, epoch: 9 | loss: 0.4225064
	speed: 0.1665s/iter; left time: 35.7868s
Epoch: 9 cost time: 9.417032241821289
Epoch: 9, Steps: 157 | Train Loss: 0.3312714 Vali Loss: 0.3817248 Test Loss: 0.2930892
Validation loss decreased (0.381870 --> 0.381725).  Saving model ...
Updating learning rate to 3.90625e-07
	iters: 100, epoch: 10 | loss: 0.3478161
	speed: 0.1687s/iter; left time: 9.7863s
Epoch: 10 cost time: 9.439563989639282
Epoch: 10, Steps: 157 | Train Loss: 0.3310251 Vali Loss: 0.3825161 Test Loss: 0.2932549
EarlyStopping counter: 1 out of 3
Updating learning rate to 1.953125e-07
>>>>>>>testing : long_term_forecast_Exchange_96_192_PatchTST_custom_ftM_sl96_ll48_pl192_dm512_nh8_el2_dl1_df2048_fc3_ebtimeF_dtTrue_Exp_0<<<<<<<<<<<<<<<<<<<<<<<<<<<<<<<<<
test 1326
test shape: (1326, 1, 192, 9) (1326, 1, 192, 9)
test shape: (1326, 192, 9) (1326, 192, 9)
mse:0.29308927059173584, mae:0.34885573387145996