Running Model with pred_len 96...
Args in experiment:
Namespace(task_name='long_term_forecast', is_training=1, model_id='Exchange_96_96', model='FEDformer', data='custom', root_path='./dataset/exchange_rate/', data_path='exchange_rate_VARMA_Residuals.csv', features='M', target='OT', freq='h', checkpoints='./checkpoints/', seq_len=96, label_len=48, pred_len=96, seasonal_patterns='Monthly', mask_rate=0.25, anomaly_ratio=0.25, top_k=5, num_kernels=6, enc_in=9, dec_in=9, c_out=9, d_model=512, n_heads=8, e_layers=2, d_layers=1, d_ff=2048, moving_avg=25, factor=3, distil=True, dropout=0.1, embed='timeF', activation='gelu', output_attention=False, num_workers=10, itr=1, train_epochs=10, batch_size=32, patience=3, learning_rate=0.0001, des='Exp', loss='MSE', lradj='type1', use_amp=False, use_gpu=True, gpu=0, use_multi_gpu=False, devices='0,1,2,3', p_hidden_dims=[128, 128], p_hidden_layers=2)
Use GPU: cuda:0
fourier enhanced block used!
modes=32, index=[2, 3, 4, 5, 8, 9, 10, 11, 13, 14, 15, 16, 17, 18, 19, 20, 23, 25, 26, 28, 31, 32, 34, 35, 37, 38, 39, 40, 42, 43, 44, 46]
fourier enhanced block used!
modes=32, index=[0, 1, 2, 4, 5, 8, 10, 12, 13, 14, 16, 21, 22, 24, 26, 28, 29, 30, 34, 35, 37, 38, 42, 43, 45, 47, 56, 57, 58, 65, 70, 71]
 fourier enhanced cross attention used!
modes_q=32, index_q=[0, 8, 13, 14, 16, 17, 18, 19, 21, 22, 24, 28, 29, 33, 37, 40, 42, 43, 44, 47, 48, 50, 51, 53, 55, 56, 58, 60, 62, 63, 68, 69]
modes_kv=32, index_kv=[0, 1, 2, 5, 6, 7, 8, 9, 11, 12, 13, 14, 15, 16, 17, 20, 22, 24, 28, 30, 31, 32, 34, 35, 36, 37, 38, 39, 44, 45, 46, 47]
>>>>>>>start training : long_term_forecast_Exchange_96_96_FEDformer_custom_ftM_sl96_ll48_pl96_dm512_nh8_el2_dl1_df2048_fc3_ebtimeF_dtTrue_Exp_0>>>>>>>>>>>>>>>>>>>>>>>>>>
train 5120
val 665
test 1422
	iters: 100, epoch: 1 | loss: 0.3256173
	speed: 0.3983s/iter; left time: 597.8351s
Epoch: 1 cost time: 63.58624505996704
Epoch: 1, Steps: 160 | Train Loss: 0.3391107 Vali Loss: 0.3463057 Test Loss: 0.2803753
Validation loss decreased (inf --> 0.346306).  Saving model ...
Updating learning rate to 0.0001
	iters: 100, epoch: 2 | loss: 0.3024639
	speed: 1.6374s/iter; left time: 2195.7073s
Epoch: 2 cost time: 62.33395004272461
Epoch: 2, Steps: 160 | Train Loss: 0.2985922 Vali Loss: 0.3414326 Test Loss: 0.2876482
Validation loss decreased (0.346306 --> 0.341433).  Saving model ...
Updating learning rate to 5e-05
	iters: 100, epoch: 3 | loss: 0.2420689
	speed: 1.6309s/iter; left time: 1926.0629s
Epoch: 3 cost time: 62.68814444541931
Epoch: 3, Steps: 160 | Train Loss: 0.2947309 Vali Loss: 0.3418601 Test Loss: 0.2952259
EarlyStopping counter: 1 out of 3
Updating learning rate to 2.5e-05
	iters: 100, epoch: 4 | loss: 0.2954991
	speed: 1.6331s/iter; left time: 1667.4335s
Epoch: 4 cost time: 62.4093542098999
Epoch: 4, Steps: 160 | Train Loss: 0.2929478 Vali Loss: 0.3451221 Test Loss: 0.2882369
EarlyStopping counter: 2 out of 3
Updating learning rate to 1.25e-05
	iters: 100, epoch: 5 | loss: 0.3651032
	speed: 1.6249s/iter; left time: 1399.0123s
Epoch: 5 cost time: 62.3110728263855
Epoch: 5, Steps: 160 | Train Loss: 0.2919787 Vali Loss: 0.3457591 Test Loss: 0.2871888
EarlyStopping counter: 3 out of 3
Early stopping
>>>>>>>testing : long_term_forecast_Exchange_96_96_FEDformer_custom_ftM_sl96_ll48_pl96_dm512_nh8_el2_dl1_df2048_fc3_ebtimeF_dtTrue_Exp_0<<<<<<<<<<<<<<<<<<<<<<<<<<<<<<<<<
test 1422
test shape: (1422, 1, 96, 9) (1422, 1, 96, 9)
test shape: (1422, 96, 9) (1422, 96, 9)
mse:0.2876483201980591, mae:0.3436056673526764