Running Model with pred_len 60...
Args in experiment:
Namespace(task_name='long_term_forecast', is_training=1, model_id='ili_36_60', model='Pyraformer', data='custom', root_path='./dataset/illness/', data_path='national_illness_VARMA_Residuals.csv', features='M', target='OT', freq='h', checkpoints='./checkpoints/', seq_len=36, label_len=18, pred_len=60, seasonal_patterns='Monthly', mask_rate=0.25, anomaly_ratio=0.25, top_k=5, num_kernels=6, enc_in=8, dec_in=8, c_out=8, d_model=512, n_heads=8, e_layers=2, d_layers=1, d_ff=2048, moving_avg=25, factor=3, distil=True, dropout=0.1, embed='timeF', activation='gelu', output_attention=False, num_workers=10, itr=1, train_epochs=10, batch_size=32, patience=3, learning_rate=0.0001, des='Exp', loss='MSE', lradj='type1', use_amp=False, use_gpu=True, gpu=0, use_multi_gpu=False, devices='0,1,2,3', p_hidden_dims=[128, 128], p_hidden_layers=2)
Use GPU: cuda:0
>>>>>>>start training : long_term_forecast_ili_36_60_Pyraformer_custom_ftM_sl36_ll18_pl60_dm512_nh8_el2_dl1_df2048_fc3_ebtimeF_dtTrue_Exp_0>>>>>>>>>>>>>>>>>>>>>>>>>>
train 581
val 38
test 134
Epoch: 1 cost time: 2.1379122734069824
Epoch: 1, Steps: 18 | Train Loss: 0.8436537 Vali Loss: 0.5483028 Test Loss: 4.5197034
Validation loss decreased (inf --> 0.548303).  Saving model ...
Updating learning rate to 0.0001
Epoch: 2 cost time: 1.4166748523712158
Epoch: 2, Steps: 18 | Train Loss: 0.6051287 Vali Loss: 0.3945641 Test Loss: 4.2604418
Validation loss decreased (0.548303 --> 0.394564).  Saving model ...
Updating learning rate to 5e-05
Epoch: 3 cost time: 1.3118796348571777
Epoch: 3, Steps: 18 | Train Loss: 0.5323490 Vali Loss: 0.3697449 Test Loss: 4.2686830
Validation loss decreased (0.394564 --> 0.369745).  Saving model ...
Updating learning rate to 2.5e-05
Epoch: 4 cost time: 1.2872371673583984
Epoch: 4, Steps: 18 | Train Loss: 0.4954233 Vali Loss: 0.3502648 Test Loss: 4.1396284
Validation loss decreased (0.369745 --> 0.350265).  Saving model ...
Updating learning rate to 1.25e-05
Epoch: 5 cost time: 1.2821297645568848
Epoch: 5, Steps: 18 | Train Loss: 0.4879420 Vali Loss: 0.3394897 Test Loss: 4.1431561
Validation loss decreased (0.350265 --> 0.339490).  Saving model ...
Updating learning rate to 6.25e-06
Epoch: 6 cost time: 1.386124610900879
Epoch: 6, Steps: 18 | Train Loss: 0.4778568 Vali Loss: 0.3375669 Test Loss: 4.1539640
Validation loss decreased (0.339490 --> 0.337567).  Saving model ...
Updating learning rate to 3.125e-06
Epoch: 7 cost time: 1.3581607341766357
Epoch: 7, Steps: 18 | Train Loss: 0.4720581 Vali Loss: 0.3351751 Test Loss: 4.1595278
Validation loss decreased (0.337567 --> 0.335175).  Saving model ...
Updating learning rate to 1.5625e-06
Epoch: 8 cost time: 1.324434518814087
Epoch: 8, Steps: 18 | Train Loss: 0.4731516 Vali Loss: 0.3353266 Test Loss: 4.1883092
EarlyStopping counter: 1 out of 3
Updating learning rate to 7.8125e-07
Epoch: 9 cost time: 1.303297519683838
Epoch: 9, Steps: 18 | Train Loss: 0.4756170 Vali Loss: 0.3347880 Test Loss: 4.1896753
Validation loss decreased (0.335175 --> 0.334788).  Saving model ...
Updating learning rate to 3.90625e-07
Epoch: 10 cost time: 1.3775665760040283
Epoch: 10, Steps: 18 | Train Loss: 0.4712529 Vali Loss: 0.3399668 Test Loss: 4.1853304
EarlyStopping counter: 1 out of 3
Updating learning rate to 1.953125e-07
>>>>>>>testing : long_term_forecast_ili_36_60_Pyraformer_custom_ftM_sl36_ll18_pl60_dm512_nh8_el2_dl1_df2048_fc3_ebtimeF_dtTrue_Exp_0<<<<<<<<<<<<<<<<<<<<<<<<<<<<<<<<<
test 134
test shape: (134, 1, 60, 8) (134, 1, 60, 8)
test shape: (134, 60, 8) (134, 60, 8)
mse:4.189675807952881, mae:1.3642324209213257