Running Model with pred_len 96...
Args in experiment:
Namespace(task_name='long_term_forecast', is_training=1, model_id='Exchange_96_96', model='Autoformer', data='custom', root_path='./dataset/exchange_rate/', data_path='exchange_rate_VARMA_Residuals.csv', features='M', target='OT', freq='h', checkpoints='./checkpoints/', seq_len=96, label_len=48, pred_len=96, seasonal_patterns='Monthly', mask_rate=0.25, anomaly_ratio=0.25, top_k=5, num_kernels=6, enc_in=9, dec_in=9, c_out=9, d_model=512, n_heads=8, e_layers=2, d_layers=1, d_ff=2048, moving_avg=25, factor=3, distil=True, dropout=0.1, embed='timeF', activation='gelu', output_attention=False, num_workers=10, itr=1, train_epochs=10, batch_size=32, patience=3, learning_rate=0.0001, des='Exp', loss='MSE', lradj='type1', use_amp=False, use_gpu=True, gpu=0, use_multi_gpu=False, devices='0,1,2,3', p_hidden_dims=[128, 128], p_hidden_layers=2)
Use GPU: cuda:0
>>>>>>>start training : long_term_forecast_Exchange_96_96_Autoformer_custom_ftM_sl96_ll48_pl96_dm512_nh8_el2_dl1_df2048_fc3_ebtimeF_dtTrue_Exp_0>>>>>>>>>>>>>>>>>>>>>>>>>>
train 5120
val 665
test 1422
	iters: 100, epoch: 1 | loss: 0.3711785
	speed: 0.2185s/iter; left time: 327.9575s
Epoch: 1 cost time: 34.665125608444214
Epoch: 1, Steps: 160 | Train Loss: 0.3212084 Vali Loss: 0.3606686 Test Loss: 0.2981016
Validation loss decreased (inf --> 0.360669).  Saving model ...
Updating learning rate to 0.0001
	iters: 100, epoch: 2 | loss: 0.2538770
	speed: 0.6488s/iter; left time: 869.9874s
Epoch: 2 cost time: 34.26458406448364
Epoch: 2, Steps: 160 | Train Loss: 0.2837782 Vali Loss: 0.4168847 Test Loss: 0.3528952
EarlyStopping counter: 1 out of 3
Updating learning rate to 5e-05
	iters: 100, epoch: 3 | loss: 0.2302414
	speed: 0.6550s/iter; left time: 773.5960s
Epoch: 3 cost time: 34.92925405502319
Epoch: 3, Steps: 160 | Train Loss: 0.2598581 Vali Loss: 0.4322213 Test Loss: 0.3339287
EarlyStopping counter: 2 out of 3
Updating learning rate to 2.5e-05
	iters: 100, epoch: 4 | loss: 0.1933076
	speed: 0.6620s/iter; left time: 675.9262s
Epoch: 4 cost time: 35.31097626686096
Epoch: 4, Steps: 160 | Train Loss: 0.2436592 Vali Loss: 0.4400228 Test Loss: 0.3408699
EarlyStopping counter: 3 out of 3
Early stopping
>>>>>>>testing : long_term_forecast_Exchange_96_96_Autoformer_custom_ftM_sl96_ll48_pl96_dm512_nh8_el2_dl1_df2048_fc3_ebtimeF_dtTrue_Exp_0<<<<<<<<<<<<<<<<<<<<<<<<<<<<<<<<<
test 1422
test shape: (1422, 1, 96, 9) (1422, 1, 96, 9)
test shape: (1422, 96, 9) (1422, 96, 9)
mse:0.2981014847755432, mae:0.35393282771110535