Running Model with pred_len 48...
Args in experiment:
Namespace(task_name='long_term_forecast', is_training=1, model_id='ili_36_48', model='Autoformer', data='custom', root_path='./dataset/illness/', data_path='national_illness_VARMA_Residuals.csv', features='M', target='OT', freq='h', checkpoints='./checkpoints/', seq_len=36, label_len=18, pred_len=48, seasonal_patterns='Monthly', mask_rate=0.25, anomaly_ratio=0.25, top_k=5, num_kernels=6, enc_in=8, dec_in=8, c_out=8, d_model=512, n_heads=8, e_layers=2, d_layers=1, d_ff=2048, moving_avg=25, factor=3, distil=True, dropout=0.1, embed='timeF', activation='gelu', output_attention=False, num_workers=10, itr=1, train_epochs=10, batch_size=32, patience=3, learning_rate=0.0001, des='Exp', loss='MSE', lradj='type1', use_amp=False, use_gpu=True, gpu=0, use_multi_gpu=False, devices='0,1,2,3', p_hidden_dims=[128, 128], p_hidden_layers=2)
Use GPU: cuda:0
>>>>>>>start training : long_term_forecast_ili_36_48_Autoformer_custom_ftM_sl36_ll18_pl48_dm512_nh8_el2_dl1_df2048_fc3_ebtimeF_dtTrue_Exp_0>>>>>>>>>>>>>>>>>>>>>>>>>>
train 593
val 50
test 146
Epoch: 1 cost time: 3.6457715034484863
Epoch: 1, Steps: 18 | Train Loss: 0.9530096 Vali Loss: 0.5814236 Test Loss: 3.6628428
Validation loss decreased (inf --> 0.581424).  Saving model ...
Updating learning rate to 0.0001
Epoch: 2 cost time: 2.5557045936584473
Epoch: 2, Steps: 18 | Train Loss: 0.7371891 Vali Loss: 0.5131117 Test Loss: 3.3490236
Validation loss decreased (0.581424 --> 0.513112).  Saving model ...
Updating learning rate to 5e-05
Epoch: 3 cost time: 2.6830663681030273
Epoch: 3, Steps: 18 | Train Loss: 0.6613266 Vali Loss: 0.4765229 Test Loss: 3.2677212
Validation loss decreased (0.513112 --> 0.476523).  Saving model ...
Updating learning rate to 2.5e-05
Epoch: 4 cost time: 2.5277390480041504
Epoch: 4, Steps: 18 | Train Loss: 0.6326843 Vali Loss: 0.4760940 Test Loss: 3.2497137
Validation loss decreased (0.476523 --> 0.476094).  Saving model ...
Updating learning rate to 1.25e-05
Epoch: 5 cost time: 2.7255380153656006
Epoch: 5, Steps: 18 | Train Loss: 0.6167453 Vali Loss: 0.4793904 Test Loss: 3.2442131
EarlyStopping counter: 1 out of 3
Updating learning rate to 6.25e-06
Epoch: 6 cost time: 2.514618158340454
Epoch: 6, Steps: 18 | Train Loss: 0.6197433 Vali Loss: 0.4584305 Test Loss: 3.2304282
Validation loss decreased (0.476094 --> 0.458431).  Saving model ...
Updating learning rate to 3.125e-06
Epoch: 7 cost time: 2.6593875885009766
Epoch: 7, Steps: 18 | Train Loss: 0.6113452 Vali Loss: 0.4676296 Test Loss: 3.2312529
EarlyStopping counter: 1 out of 3
Updating learning rate to 1.5625e-06
Epoch: 8 cost time: 2.4958505630493164
Epoch: 8, Steps: 18 | Train Loss: 0.6062978 Vali Loss: 0.4593177 Test Loss: 3.2272809
EarlyStopping counter: 2 out of 3
Updating learning rate to 7.8125e-07
Epoch: 9 cost time: 2.5498299598693848
Epoch: 9, Steps: 18 | Train Loss: 0.6003411 Vali Loss: 0.4446642 Test Loss: 3.2270763
Validation loss decreased (0.458431 --> 0.444664).  Saving model ...
Updating learning rate to 3.90625e-07
Epoch: 10 cost time: 2.566286563873291
Epoch: 10, Steps: 18 | Train Loss: 0.6078903 Vali Loss: 0.4689150 Test Loss: 3.2273040
EarlyStopping counter: 1 out of 3
Updating learning rate to 1.953125e-07
>>>>>>>testing : long_term_forecast_ili_36_48_Autoformer_custom_ftM_sl36_ll18_pl48_dm512_nh8_el2_dl1_df2048_fc3_ebtimeF_dtTrue_Exp_0<<<<<<<<<<<<<<<<<<<<<<<<<<<<<<<<<
test 146
test shape: (146, 1, 48, 8) (146, 1, 48, 8)
test shape: (146, 48, 8) (146, 48, 8)
mse:3.2270760536193848, mae:1.227216362953186