Running Model with pred_len 24...
Args in experiment:
Namespace(task_name='long_term_forecast', is_training=1, model_id='ili_36_24', model='Autoformer', data='custom', root_path='./dataset/illness/', data_path='national_illness_VARMA_Residuals.csv', features='M', target='OT', freq='h', checkpoints='./checkpoints/', seq_len=36, label_len=18, pred_len=24, seasonal_patterns='Monthly', mask_rate=0.25, anomaly_ratio=0.25, top_k=5, num_kernels=6, enc_in=8, dec_in=8, c_out=8, d_model=512, n_heads=8, e_layers=2, d_layers=1, d_ff=2048, moving_avg=25, factor=3, distil=True, dropout=0.1, embed='timeF', activation='gelu', output_attention=False, num_workers=10, itr=1, train_epochs=10, batch_size=32, patience=3, learning_rate=0.0001, des='Exp', loss='MSE', lradj='type1', use_amp=False, use_gpu=True, gpu=0, use_multi_gpu=False, devices='0,1,2,3', p_hidden_dims=[128, 128], p_hidden_layers=2)
Use GPU: cuda:0
>>>>>>>start training : long_term_forecast_ili_36_24_Autoformer_custom_ftM_sl36_ll18_pl24_dm512_nh8_el2_dl1_df2048_fc3_ebtimeF_dtTrue_Exp_0>>>>>>>>>>>>>>>>>>>>>>>>>>
train 617
val 74
test 170
Epoch: 1 cost time: 3.2225852012634277
Epoch: 1, Steps: 19 | Train Loss: 1.0612366 Vali Loss: 0.8586502 Test Loss: 4.1447821
Validation loss decreased (inf --> 0.858650).  Saving model ...
Updating learning rate to 0.0001
Epoch: 2 cost time: 2.495232582092285
Epoch: 2, Steps: 19 | Train Loss: 0.7739695 Vali Loss: 0.8495528 Test Loss: 3.8513446
Validation loss decreased (0.858650 --> 0.849553).  Saving model ...
Updating learning rate to 5e-05
Epoch: 3 cost time: 2.421856641769409
Epoch: 3, Steps: 19 | Train Loss: 0.6598887 Vali Loss: 0.8362371 Test Loss: 3.8194983
Validation loss decreased (0.849553 --> 0.836237).  Saving model ...
Updating learning rate to 2.5e-05
Epoch: 4 cost time: 2.5281200408935547
Epoch: 4, Steps: 19 | Train Loss: 0.6282030 Vali Loss: 0.8235137 Test Loss: 3.6692035
Validation loss decreased (0.836237 --> 0.823514).  Saving model ...
Updating learning rate to 1.25e-05
Epoch: 5 cost time: 2.406428098678589
Epoch: 5, Steps: 19 | Train Loss: 0.5988918 Vali Loss: 0.8138074 Test Loss: 3.6123331
Validation loss decreased (0.823514 --> 0.813807).  Saving model ...
Updating learning rate to 6.25e-06
Epoch: 6 cost time: 2.584641933441162
Epoch: 6, Steps: 19 | Train Loss: 0.5836998 Vali Loss: 0.7655540 Test Loss: 3.5962338
Validation loss decreased (0.813807 --> 0.765554).  Saving model ...
Updating learning rate to 3.125e-06
Epoch: 7 cost time: 2.406578779220581
Epoch: 7, Steps: 19 | Train Loss: 0.5618106 Vali Loss: 0.7556560 Test Loss: 3.5913222
Validation loss decreased (0.765554 --> 0.755656).  Saving model ...
Updating learning rate to 1.5625e-06
Epoch: 8 cost time: 2.59482741355896
Epoch: 8, Steps: 19 | Train Loss: 0.5814031 Vali Loss: 0.7687034 Test Loss: 3.5863049
EarlyStopping counter: 1 out of 3
Updating learning rate to 7.8125e-07
Epoch: 9 cost time: 2.378073215484619
Epoch: 9, Steps: 19 | Train Loss: 0.5746276 Vali Loss: 0.7630641 Test Loss: 3.5852971
EarlyStopping counter: 2 out of 3
Updating learning rate to 3.90625e-07
Epoch: 10 cost time: 2.5794270038604736
Epoch: 10, Steps: 19 | Train Loss: 0.5626916 Vali Loss: 0.7305067 Test Loss: 3.5850012
Validation loss decreased (0.755656 --> 0.730507).  Saving model ...
Updating learning rate to 1.953125e-07
>>>>>>>testing : long_term_forecast_ili_36_24_Autoformer_custom_ftM_sl36_ll18_pl24_dm512_nh8_el2_dl1_df2048_fc3_ebtimeF_dtTrue_Exp_0<<<<<<<<<<<<<<<<<<<<<<<<<<<<<<<<<
test 170
test shape: (170, 1, 24, 8) (170, 1, 24, 8)
test shape: (170, 24, 8) (170, 24, 8)
mse:3.585001230239868, mae:1.3348489999771118