Running Model with pred_len 60...
Args in experiment:
Namespace(task_name='long_term_forecast', is_training=1, model_id='ili_36_60', model='Autoformer', data='custom', root_path='./dataset/illness/', data_path='national_illness_VARMA_Residuals.csv', features='M', target='OT', freq='h', checkpoints='./checkpoints/', seq_len=36, label_len=18, pred_len=60, seasonal_patterns='Monthly', mask_rate=0.25, anomaly_ratio=0.25, top_k=5, num_kernels=6, enc_in=8, dec_in=8, c_out=8, d_model=512, n_heads=8, e_layers=2, d_layers=1, d_ff=2048, moving_avg=25, factor=3, distil=True, dropout=0.1, embed='timeF', activation='gelu', output_attention=False, num_workers=10, itr=1, train_epochs=10, batch_size=32, patience=3, learning_rate=0.0001, des='Exp', loss='MSE', lradj='type1', use_amp=False, use_gpu=True, gpu=0, use_multi_gpu=False, devices='0,1,2,3', p_hidden_dims=[128, 128], p_hidden_layers=2)
Use GPU: cuda:0
>>>>>>>start training : long_term_forecast_ili_36_60_Autoformer_custom_ftM_sl36_ll18_pl60_dm512_nh8_el2_dl1_df2048_fc3_ebtimeF_dtTrue_Exp_0>>>>>>>>>>>>>>>>>>>>>>>>>>
train 581
val 38
test 134
Epoch: 1 cost time: 3.6060919761657715
Epoch: 1, Steps: 18 | Train Loss: 0.9727224 Vali Loss: 0.7107361 Test Loss: 3.6359460
Validation loss decreased (inf --> 0.710736).  Saving model ...
Updating learning rate to 0.0001
Epoch: 2 cost time: 2.657891273498535
Epoch: 2, Steps: 18 | Train Loss: 0.7730690 Vali Loss: 0.5686457 Test Loss: 3.3190093
Validation loss decreased (0.710736 --> 0.568646).  Saving model ...
Updating learning rate to 5e-05
Epoch: 3 cost time: 2.7179980278015137
Epoch: 3, Steps: 18 | Train Loss: 0.6851981 Vali Loss: 0.5453857 Test Loss: 3.2300951
Validation loss decreased (0.568646 --> 0.545386).  Saving model ...
Updating learning rate to 2.5e-05
Epoch: 4 cost time: 2.726659059524536
Epoch: 4, Steps: 18 | Train Loss: 0.6548210 Vali Loss: 0.5277051 Test Loss: 3.1973403
Validation loss decreased (0.545386 --> 0.527705).  Saving model ...
Updating learning rate to 1.25e-05
Epoch: 5 cost time: 2.6876888275146484
Epoch: 5, Steps: 18 | Train Loss: 0.6363385 Vali Loss: 0.5101378 Test Loss: 3.1795263
Validation loss decreased (0.527705 --> 0.510138).  Saving model ...
Updating learning rate to 6.25e-06
Epoch: 6 cost time: 2.794857978820801
Epoch: 6, Steps: 18 | Train Loss: 0.6306549 Vali Loss: 0.5176266 Test Loss: 3.1764302
EarlyStopping counter: 1 out of 3
Updating learning rate to 3.125e-06
Epoch: 7 cost time: 2.7246716022491455
Epoch: 7, Steps: 18 | Train Loss: 0.6197385 Vali Loss: 0.5016377 Test Loss: 3.1803644
Validation loss decreased (0.510138 --> 0.501638).  Saving model ...
Updating learning rate to 1.5625e-06
Epoch: 8 cost time: 2.823577642440796
Epoch: 8, Steps: 18 | Train Loss: 0.6147346 Vali Loss: 0.5102415 Test Loss: 3.1790378
EarlyStopping counter: 1 out of 3
Updating learning rate to 7.8125e-07
Epoch: 9 cost time: 2.705200433731079
Epoch: 9, Steps: 18 | Train Loss: 0.6170572 Vali Loss: 0.5158097 Test Loss: 3.1783941
EarlyStopping counter: 2 out of 3
Updating learning rate to 3.90625e-07
Epoch: 10 cost time: 2.887085199356079
Epoch: 10, Steps: 18 | Train Loss: 0.6204150 Vali Loss: 0.5061015 Test Loss: 3.1773117
EarlyStopping counter: 3 out of 3
Early stopping
>>>>>>>testing : long_term_forecast_ili_36_60_Autoformer_custom_ftM_sl36_ll18_pl60_dm512_nh8_el2_dl1_df2048_fc3_ebtimeF_dtTrue_Exp_0<<<<<<<<<<<<<<<<<<<<<<<<<<<<<<<<<
test 134
test shape: (134, 1, 60, 8) (134, 1, 60, 8)
test shape: (134, 60, 8) (134, 60, 8)
mse:3.1803648471832275, mae:1.2224595546722412