Running Model with pred_len 36...
Args in experiment:
Namespace(task_name='long_term_forecast', is_training=1, model_id='ili_36_36', model='Pyraformer', data='custom', root_path='./dataset/illness/', data_path='national_illness_VARMA_Residuals.csv', features='M', target='OT', freq='h', checkpoints='./checkpoints/', seq_len=36, label_len=18, pred_len=36, seasonal_patterns='Monthly', mask_rate=0.25, anomaly_ratio=0.25, top_k=5, num_kernels=6, enc_in=8, dec_in=8, c_out=8, d_model=512, n_heads=8, e_layers=2, d_layers=1, d_ff=2048, moving_avg=25, factor=3, distil=True, dropout=0.1, embed='timeF', activation='gelu', output_attention=False, num_workers=10, itr=1, train_epochs=10, batch_size=32, patience=3, learning_rate=0.0001, des='Exp', loss='MSE', lradj='type1', use_amp=False, use_gpu=True, gpu=0, use_multi_gpu=False, devices='0,1,2,3', p_hidden_dims=[128, 128], p_hidden_layers=2)
Use GPU: cuda:0
>>>>>>>start training : long_term_forecast_ili_36_36_Pyraformer_custom_ftM_sl36_ll18_pl36_dm512_nh8_el2_dl1_df2048_fc3_ebtimeF_dtTrue_Exp_0>>>>>>>>>>>>>>>>>>>>>>>>>>
train 605
val 62
test 158
Epoch: 1 cost time: 2.112250566482544
Epoch: 1, Steps: 18 | Train Loss: 0.8187227 Vali Loss: 0.4575174 Test Loss: 4.4430943
Validation loss decreased (inf --> 0.457517).  Saving model ...
Updating learning rate to 0.0001
Epoch: 2 cost time: 1.319000005722046
Epoch: 2, Steps: 18 | Train Loss: 0.5731401 Vali Loss: 0.4528657 Test Loss: 3.7938209
Validation loss decreased (0.457517 --> 0.452866).  Saving model ...
Updating learning rate to 5e-05
Epoch: 3 cost time: 1.325765609741211
Epoch: 3, Steps: 18 | Train Loss: 0.5091917 Vali Loss: 0.3699301 Test Loss: 4.0155053
Validation loss decreased (0.452866 --> 0.369930).  Saving model ...
Updating learning rate to 2.5e-05
Epoch: 4 cost time: 1.4269537925720215
Epoch: 4, Steps: 18 | Train Loss: 0.4633333 Vali Loss: 0.3282602 Test Loss: 4.2327623
Validation loss decreased (0.369930 --> 0.328260).  Saving model ...
Updating learning rate to 1.25e-05
Epoch: 5 cost time: 1.3082704544067383
Epoch: 5, Steps: 18 | Train Loss: 0.4470071 Vali Loss: 0.3319446 Test Loss: 4.3261123
EarlyStopping counter: 1 out of 3
Updating learning rate to 6.25e-06
Epoch: 6 cost time: 1.339298963546753
Epoch: 6, Steps: 18 | Train Loss: 0.4549930 Vali Loss: 0.2994292 Test Loss: 4.2627110
Validation loss decreased (0.328260 --> 0.299429).  Saving model ...
Updating learning rate to 3.125e-06
Epoch: 7 cost time: 1.3654766082763672
Epoch: 7, Steps: 18 | Train Loss: 0.4430248 Vali Loss: 0.3203484 Test Loss: 4.3234568
EarlyStopping counter: 1 out of 3
Updating learning rate to 1.5625e-06
Epoch: 8 cost time: 1.4251620769500732
Epoch: 8, Steps: 18 | Train Loss: 0.4487223 Vali Loss: 0.2907192 Test Loss: 4.3551292
Validation loss decreased (0.299429 --> 0.290719).  Saving model ...
Updating learning rate to 7.8125e-07
Epoch: 9 cost time: 1.3465821743011475
Epoch: 9, Steps: 18 | Train Loss: 0.4442274 Vali Loss: 0.3086944 Test Loss: 4.3547683
EarlyStopping counter: 1 out of 3
Updating learning rate to 3.90625e-07
Epoch: 10 cost time: 1.3392772674560547
Epoch: 10, Steps: 18 | Train Loss: 0.4491648 Vali Loss: 0.3323886 Test Loss: 4.3406668
EarlyStopping counter: 2 out of 3
Updating learning rate to 1.953125e-07
>>>>>>>testing : long_term_forecast_ili_36_36_Pyraformer_custom_ftM_sl36_ll18_pl36_dm512_nh8_el2_dl1_df2048_fc3_ebtimeF_dtTrue_Exp_0<<<<<<<<<<<<<<<<<<<<<<<<<<<<<<<<<
test 158
test shape: (158, 1, 36, 8) (158, 1, 36, 8)
test shape: (158, 36, 8) (158, 36, 8)
mse:4.355129718780518, mae:1.39426589012146