Running Model with pred_len 48...
Args in experiment:
Namespace(task_name='long_term_forecast', is_training=1, model_id='ili_36_48', model='Pyraformer', data='custom', root_path='./dataset/illness/', data_path='national_illness_VARMA_Residuals.csv', features='M', target='OT', freq='h', checkpoints='./checkpoints/', seq_len=36, label_len=18, pred_len=48, seasonal_patterns='Monthly', mask_rate=0.25, anomaly_ratio=0.25, top_k=5, num_kernels=6, enc_in=8, dec_in=8, c_out=8, d_model=512, n_heads=8, e_layers=2, d_layers=1, d_ff=2048, moving_avg=25, factor=3, distil=True, dropout=0.1, embed='timeF', activation='gelu', output_attention=False, num_workers=10, itr=1, train_epochs=10, batch_size=32, patience=3, learning_rate=0.0001, des='Exp', loss='MSE', lradj='type1', use_amp=False, use_gpu=True, gpu=0, use_multi_gpu=False, devices='0,1,2,3', p_hidden_dims=[128, 128], p_hidden_layers=2)
Use GPU: cuda:0
>>>>>>>start training : long_term_forecast_ili_36_48_Pyraformer_custom_ftM_sl36_ll18_pl48_dm512_nh8_el2_dl1_df2048_fc3_ebtimeF_dtTrue_Exp_0>>>>>>>>>>>>>>>>>>>>>>>>>>
train 593
val 50
test 146
Epoch: 1 cost time: 2.0969133377075195
Epoch: 1, Steps: 18 | Train Loss: 0.8291857 Vali Loss: 0.4890731 Test Loss: 4.4540997
Validation loss decreased (inf --> 0.489073).  Saving model ...
Updating learning rate to 0.0001
Epoch: 2 cost time: 1.3912005424499512
Epoch: 2, Steps: 18 | Train Loss: 0.5856760 Vali Loss: 0.3808924 Test Loss: 3.9519320
Validation loss decreased (0.489073 --> 0.380892).  Saving model ...
Updating learning rate to 5e-05
Epoch: 3 cost time: 1.286153793334961
Epoch: 3, Steps: 18 | Train Loss: 0.5041633 Vali Loss: 0.3381198 Test Loss: 4.0544810
Validation loss decreased (0.380892 --> 0.338120).  Saving model ...
Updating learning rate to 2.5e-05
Epoch: 4 cost time: 1.2706124782562256
Epoch: 4, Steps: 18 | Train Loss: 0.4853095 Vali Loss: 0.3272273 Test Loss: 4.0548716
Validation loss decreased (0.338120 --> 0.327227).  Saving model ...
Updating learning rate to 1.25e-05
Epoch: 5 cost time: 1.290081262588501
Epoch: 5, Steps: 18 | Train Loss: 0.4727266 Vali Loss: 0.3250764 Test Loss: 4.0806608
Validation loss decreased (0.327227 --> 0.325076).  Saving model ...
Updating learning rate to 6.25e-06
Epoch: 6 cost time: 1.3794915676116943
Epoch: 6, Steps: 18 | Train Loss: 0.4658821 Vali Loss: 0.3394060 Test Loss: 4.0442648
EarlyStopping counter: 1 out of 3
Updating learning rate to 3.125e-06
Epoch: 7 cost time: 1.282416582107544
Epoch: 7, Steps: 18 | Train Loss: 0.4537649 Vali Loss: 0.3276115 Test Loss: 4.0953412
EarlyStopping counter: 2 out of 3
Updating learning rate to 1.5625e-06
Epoch: 8 cost time: 1.2958800792694092
Epoch: 8, Steps: 18 | Train Loss: 0.4526405 Vali Loss: 0.3333479 Test Loss: 4.0666528
EarlyStopping counter: 3 out of 3
Early stopping
>>>>>>>testing : long_term_forecast_ili_36_48_Pyraformer_custom_ftM_sl36_ll18_pl48_dm512_nh8_el2_dl1_df2048_fc3_ebtimeF_dtTrue_Exp_0<<<<<<<<<<<<<<<<<<<<<<<<<<<<<<<<<
test 146
test shape: (146, 1, 48, 8) (146, 1, 48, 8)
test shape: (146, 48, 8) (146, 48, 8)
mse:4.080661296844482, mae:1.335608720779419