Running Model with pred_len 36...
Args in experiment:
Namespace(task_name='long_term_forecast', is_training=1, model_id='ili_36_36', model='Crossformer', data='custom', root_path='./dataset/illness/', data_path='national_illness_VARMA_Residuals.csv', features='M', target='OT', freq='h', checkpoints='./checkpoints/', seq_len=36, label_len=18, pred_len=36, seasonal_patterns='Monthly', mask_rate=0.25, anomaly_ratio=0.25, top_k=5, num_kernels=6, enc_in=8, dec_in=8, c_out=8, d_model=512, n_heads=8, e_layers=2, d_layers=1, d_ff=2048, moving_avg=25, factor=3, distil=True, dropout=0.1, embed='timeF', activation='gelu', output_attention=False, num_workers=10, itr=1, train_epochs=10, batch_size=32, patience=3, learning_rate=0.0001, des='Exp', loss='MSE', lradj='type1', use_amp=False, use_gpu=True, gpu=0, use_multi_gpu=False, devices='0,1,2,3', p_hidden_dims=[128, 128], p_hidden_layers=2)
Use GPU: cuda:0
>>>>>>>start training : long_term_forecast_ili_36_36_Crossformer_custom_ftM_sl36_ll18_pl36_dm512_nh8_el2_dl1_df2048_fc3_ebtimeF_dtTrue_Exp_0>>>>>>>>>>>>>>>>>>>>>>>>>>
train 605
val 62
test 158
Epoch: 1 cost time: 3.212641716003418
Epoch: 1, Steps: 18 | Train Loss: 1.1586473 Vali Loss: 0.7254762 Test Loss: 4.6038990
Validation loss decreased (inf --> 0.725476).  Saving model ...
Updating learning rate to 0.0001
Epoch: 2 cost time: 2.415729522705078
Epoch: 2, Steps: 18 | Train Loss: 0.7943448 Vali Loss: 0.5618520 Test Loss: 4.0213237
Validation loss decreased (0.725476 --> 0.561852).  Saving model ...
Updating learning rate to 5e-05
Epoch: 3 cost time: 2.341860294342041
Epoch: 3, Steps: 18 | Train Loss: 0.6532438 Vali Loss: 0.3818687 Test Loss: 4.0564866
Validation loss decreased (0.561852 --> 0.381869).  Saving model ...
Updating learning rate to 2.5e-05
Epoch: 4 cost time: 2.356703281402588
Epoch: 4, Steps: 18 | Train Loss: 0.5912893 Vali Loss: 0.3750648 Test Loss: 4.1958976
Validation loss decreased (0.381869 --> 0.375065).  Saving model ...
Updating learning rate to 1.25e-05
Epoch: 5 cost time: 2.3387207984924316
Epoch: 5, Steps: 18 | Train Loss: 0.5759394 Vali Loss: 0.3478755 Test Loss: 3.9966021
Validation loss decreased (0.375065 --> 0.347875).  Saving model ...
Updating learning rate to 6.25e-06
Epoch: 6 cost time: 2.457916259765625
Epoch: 6, Steps: 18 | Train Loss: 0.5532449 Vali Loss: 0.3345439 Test Loss: 4.0267792
Validation loss decreased (0.347875 --> 0.334544).  Saving model ...
Updating learning rate to 3.125e-06
Epoch: 7 cost time: 2.369436025619507
Epoch: 7, Steps: 18 | Train Loss: 0.5550431 Vali Loss: 0.2974785 Test Loss: 4.0482063
Validation loss decreased (0.334544 --> 0.297479).  Saving model ...
Updating learning rate to 1.5625e-06
Epoch: 8 cost time: 2.4717166423797607
Epoch: 8, Steps: 18 | Train Loss: 0.5438645 Vali Loss: 0.3629835 Test Loss: 4.0197043
EarlyStopping counter: 1 out of 3
Updating learning rate to 7.8125e-07
Epoch: 9 cost time: 2.335146427154541
Epoch: 9, Steps: 18 | Train Loss: 0.5527040 Vali Loss: 0.3782997 Test Loss: 4.0411696
EarlyStopping counter: 2 out of 3
Updating learning rate to 3.90625e-07
Epoch: 10 cost time: 2.3904497623443604
Epoch: 10, Steps: 18 | Train Loss: 0.5520608 Vali Loss: 0.3335517 Test Loss: 4.0467715
EarlyStopping counter: 3 out of 3
Early stopping
>>>>>>>testing : long_term_forecast_ili_36_36_Crossformer_custom_ftM_sl36_ll18_pl36_dm512_nh8_el2_dl1_df2048_fc3_ebtimeF_dtTrue_Exp_0<<<<<<<<<<<<<<<<<<<<<<<<<<<<<<<<<
test 158
test shape: (158, 1, 36, 8) (158, 1, 36, 8)
test shape: (158, 36, 8) (158, 36, 8)
mse:4.048206329345703, mae:1.331730604171753