Running Model with pred_len 48...
Args in experiment:
Namespace(task_name='long_term_forecast', is_training=1, model_id='ili_36_48', model='FEDformer', data='custom', root_path='./dataset/illness/', data_path='national_illness_VARMA_Residuals.csv', features='M', target='OT', freq='h', checkpoints='./checkpoints/', seq_len=36, label_len=18, pred_len=48, seasonal_patterns='Monthly', mask_rate=0.25, anomaly_ratio=0.25, top_k=5, num_kernels=6, enc_in=8, dec_in=8, c_out=8, d_model=512, n_heads=8, e_layers=2, d_layers=1, d_ff=2048, moving_avg=25, factor=3, distil=True, dropout=0.1, embed='timeF', activation='gelu', output_attention=False, num_workers=10, itr=1, train_epochs=10, batch_size=32, patience=3, learning_rate=0.0001, des='Exp', loss='MSE', lradj='type1', use_amp=False, use_gpu=True, gpu=0, use_multi_gpu=False, devices='0,1,2,3', p_hidden_dims=[128, 128], p_hidden_layers=2)
Use GPU: cuda:0
fourier enhanced block used!
modes=32, index=[0, 1, 2, 3, 4, 5, 6, 7, 8, 9, 10, 11, 12, 13, 14, 15, 16, 17]
fourier enhanced block used!
modes=32, index=[0, 1, 2, 3, 4, 5, 6, 7, 8, 9, 10, 11, 12, 13, 14, 15, 16, 17, 18, 19, 20, 21, 22, 23, 24, 25, 27, 28, 29, 30, 31, 32]
 fourier enhanced cross attention used!
modes_q=32, index_q=[0, 1, 2, 3, 4, 5, 6, 7, 8, 9, 10, 11, 12, 13, 14, 15, 16, 18, 19, 20, 21, 22, 23, 24, 25, 26, 27, 28, 29, 30, 31, 32]
modes_kv=18, index_kv=[0, 1, 2, 3, 4, 5, 6, 7, 8, 9, 10, 11, 12, 13, 14, 15, 16, 17]
>>>>>>>start training : long_term_forecast_ili_36_48_FEDformer_custom_ftM_sl36_ll18_pl48_dm512_nh8_el2_dl1_df2048_fc3_ebtimeF_dtTrue_Exp_0>>>>>>>>>>>>>>>>>>>>>>>>>>
train 593
val 50
test 146
Epoch: 1 cost time: 5.2913923263549805
Epoch: 1, Steps: 18 | Train Loss: 1.0398362 Vali Loss: 0.6359503 Test Loss: 3.7443604
Validation loss decreased (inf --> 0.635950).  Saving model ...
Updating learning rate to 0.0001
Epoch: 2 cost time: 4.491619110107422
Epoch: 2, Steps: 18 | Train Loss: 0.8623156 Vali Loss: 0.5472422 Test Loss: 3.4157462
Validation loss decreased (0.635950 --> 0.547242).  Saving model ...
Updating learning rate to 5e-05
Epoch: 3 cost time: 4.468982934951782
Epoch: 3, Steps: 18 | Train Loss: 0.7724701 Vali Loss: 0.4626163 Test Loss: 3.1719229
Validation loss decreased (0.547242 --> 0.462616).  Saving model ...
Updating learning rate to 2.5e-05
Epoch: 4 cost time: 4.46891713142395
Epoch: 4, Steps: 18 | Train Loss: 0.7242547 Vali Loss: 0.4576156 Test Loss: 3.0436437
Validation loss decreased (0.462616 --> 0.457616).  Saving model ...
Updating learning rate to 1.25e-05
Epoch: 5 cost time: 4.46870231628418
Epoch: 5, Steps: 18 | Train Loss: 0.6994115 Vali Loss: 0.4285382 Test Loss: 2.9938791
Validation loss decreased (0.457616 --> 0.428538).  Saving model ...
Updating learning rate to 6.25e-06
Epoch: 6 cost time: 4.499821662902832
Epoch: 6, Steps: 18 | Train Loss: 0.6975331 Vali Loss: 0.4223518 Test Loss: 2.9706278
Validation loss decreased (0.428538 --> 0.422352).  Saving model ...
Updating learning rate to 3.125e-06
Epoch: 7 cost time: 4.5494468212127686
Epoch: 7, Steps: 18 | Train Loss: 0.6870977 Vali Loss: 0.4363979 Test Loss: 2.9609160
EarlyStopping counter: 1 out of 3
Updating learning rate to 1.5625e-06
Epoch: 8 cost time: 4.4886603355407715
Epoch: 8, Steps: 18 | Train Loss: 0.6933061 Vali Loss: 0.4015909 Test Loss: 2.9561369
Validation loss decreased (0.422352 --> 0.401591).  Saving model ...
Updating learning rate to 7.8125e-07
Epoch: 9 cost time: 4.524192571640015
Epoch: 9, Steps: 18 | Train Loss: 0.6876303 Vali Loss: 0.4226807 Test Loss: 2.9537160
EarlyStopping counter: 1 out of 3
Updating learning rate to 3.90625e-07
Epoch: 10 cost time: 4.491596698760986
Epoch: 10, Steps: 18 | Train Loss: 0.6867289 Vali Loss: 0.4120800 Test Loss: 2.9523075
EarlyStopping counter: 2 out of 3
Updating learning rate to 1.953125e-07
>>>>>>>testing : long_term_forecast_ili_36_48_FEDformer_custom_ftM_sl36_ll18_pl48_dm512_nh8_el2_dl1_df2048_fc3_ebtimeF_dtTrue_Exp_0<<<<<<<<<<<<<<<<<<<<<<<<<<<<<<<<<
test 146
test shape: (146, 1, 48, 8) (146, 1, 48, 8)
test shape: (146, 48, 8) (146, 48, 8)
mse:2.956137180328369, mae:1.1775470972061157