Running Model with pred_len 36...
Args in experiment:
Namespace(task_name='long_term_forecast', is_training=1, model_id='ili_36_36', model='Autoformer', data='custom', root_path='./dataset/illness/', data_path='national_illness_VARMA_Residuals.csv', features='M', target='OT', freq='h', checkpoints='./checkpoints/', seq_len=36, label_len=18, pred_len=36, seasonal_patterns='Monthly', mask_rate=0.25, anomaly_ratio=0.25, top_k=5, num_kernels=6, enc_in=8, dec_in=8, c_out=8, d_model=512, n_heads=8, e_layers=2, d_layers=1, d_ff=2048, moving_avg=25, factor=3, distil=True, dropout=0.1, embed='timeF', activation='gelu', output_attention=False, num_workers=10, itr=1, train_epochs=10, batch_size=32, patience=3, learning_rate=0.0001, des='Exp', loss='MSE', lradj='type1', use_amp=False, use_gpu=True, gpu=0, use_multi_gpu=False, devices='0,1,2,3', p_hidden_dims=[128, 128], p_hidden_layers=2)
Use GPU: cuda:0
>>>>>>>start training : long_term_forecast_ili_36_36_Autoformer_custom_ftM_sl36_ll18_pl36_dm512_nh8_el2_dl1_df2048_fc3_ebtimeF_dtTrue_Exp_0>>>>>>>>>>>>>>>>>>>>>>>>>>
train 605
val 62
test 158
Epoch: 1 cost time: 3.179992914199829
Epoch: 1, Steps: 18 | Train Loss: 1.0012240 Vali Loss: 0.7911468 Test Loss: 4.0126805
Validation loss decreased (inf --> 0.791147).  Saving model ...
Updating learning rate to 0.0001
Epoch: 2 cost time: 2.567453145980835
Epoch: 2, Steps: 18 | Train Loss: 0.7786769 Vali Loss: 0.6411883 Test Loss: 3.6667655
Validation loss decreased (0.791147 --> 0.641188).  Saving model ...
Updating learning rate to 5e-05
Epoch: 3 cost time: 2.4418158531188965
Epoch: 3, Steps: 18 | Train Loss: 0.6681115 Vali Loss: 0.4992852 Test Loss: 3.4310079
Validation loss decreased (0.641188 --> 0.499285).  Saving model ...
Updating learning rate to 2.5e-05
Epoch: 4 cost time: 2.6034650802612305
Epoch: 4, Steps: 18 | Train Loss: 0.6031554 Vali Loss: 0.4837256 Test Loss: 3.3402555
Validation loss decreased (0.499285 --> 0.483726).  Saving model ...
Updating learning rate to 1.25e-05
Epoch: 5 cost time: 2.382948875427246
Epoch: 5, Steps: 18 | Train Loss: 0.5877442 Vali Loss: 0.4332456 Test Loss: 3.3244212
Validation loss decreased (0.483726 --> 0.433246).  Saving model ...
Updating learning rate to 6.25e-06
Epoch: 6 cost time: 2.4097745418548584
Epoch: 6, Steps: 18 | Train Loss: 0.5709470 Vali Loss: 0.4619285 Test Loss: 3.3069372
EarlyStopping counter: 1 out of 3
Updating learning rate to 3.125e-06
Epoch: 7 cost time: 2.4162163734436035
Epoch: 7, Steps: 18 | Train Loss: 0.5633855 Vali Loss: 0.4502676 Test Loss: 3.3042803
EarlyStopping counter: 2 out of 3
Updating learning rate to 1.5625e-06
Epoch: 8 cost time: 2.3938798904418945
Epoch: 8, Steps: 18 | Train Loss: 0.5556667 Vali Loss: 0.4266328 Test Loss: 3.3011985
Validation loss decreased (0.433246 --> 0.426633).  Saving model ...
Updating learning rate to 7.8125e-07
Epoch: 9 cost time: 2.5219223499298096
Epoch: 9, Steps: 18 | Train Loss: 0.5553525 Vali Loss: 0.4277095 Test Loss: 3.2993820
EarlyStopping counter: 1 out of 3
Updating learning rate to 3.90625e-07
Epoch: 10 cost time: 2.4250991344451904
Epoch: 10, Steps: 18 | Train Loss: 0.5601218 Vali Loss: 0.3780188 Test Loss: 3.2988977
Validation loss decreased (0.426633 --> 0.378019).  Saving model ...
Updating learning rate to 1.953125e-07
>>>>>>>testing : long_term_forecast_ili_36_36_Autoformer_custom_ftM_sl36_ll18_pl36_dm512_nh8_el2_dl1_df2048_fc3_ebtimeF_dtTrue_Exp_0<<<<<<<<<<<<<<<<<<<<<<<<<<<<<<<<<
test 158
test shape: (158, 1, 36, 8) (158, 1, 36, 8)
test shape: (158, 36, 8) (158, 36, 8)
mse:3.2988975048065186, mae:1.256467342376709