Running Model with pred_len 192...
Args in experiment:
Namespace(task_name='long_term_forecast', is_training=1, model_id='Exchange_96_192', model='Crossformer', data='custom', root_path='./dataset/exchange_rate/', data_path='exchange_rate_VARMA_Residuals.csv', features='M', target='OT', freq='h', checkpoints='./checkpoints/', seq_len=96, label_len=48, pred_len=192, seasonal_patterns='Monthly', mask_rate=0.25, anomaly_ratio=0.25, top_k=5, num_kernels=6, enc_in=9, dec_in=9, c_out=9, d_model=512, n_heads=8, e_layers=2, d_layers=1, d_ff=2048, moving_avg=25, factor=3, distil=True, dropout=0.1, embed='timeF', activation='gelu', output_attention=False, num_workers=10, itr=1, train_epochs=10, batch_size=32, patience=3, learning_rate=0.0001, des='Exp', loss='MSE', lradj='type1', use_amp=False, use_gpu=True, gpu=0, use_multi_gpu=False, devices='0,1,2,3', p_hidden_dims=[128, 128], p_hidden_layers=2)
Use GPU: cuda:0
>>>>>>>start training : long_term_forecast_Exchange_96_192_Crossformer_custom_ftM_sl96_ll48_pl192_dm512_nh8_el2_dl1_df2048_fc3_ebtimeF_dtTrue_Exp_0>>>>>>>>>>>>>>>>>>>>>>>>>>
train 5024
val 569
test 1326
	iters: 100, epoch: 1 | loss: 0.2763637
	speed: 0.3526s/iter; left time: 518.6782s
Epoch: 1 cost time: 54.09552717208862
Epoch: 1, Steps: 157 | Train Loss: 0.3908362 Vali Loss: 1.2848600 Test Loss: 0.7317917
Validation loss decreased (inf --> 1.284860).  Saving model ...
Updating learning rate to 0.0001
	iters: 100, epoch: 2 | loss: 0.2113637
	speed: 0.8177s/iter; left time: 1074.4050s
Epoch: 2 cost time: 52.979172229766846
Epoch: 2, Steps: 157 | Train Loss: 0.2418769 Vali Loss: 1.0038953 Test Loss: 0.7477856
Validation loss decreased (1.284860 --> 1.003895).  Saving model ...
Updating learning rate to 5e-05
	iters: 100, epoch: 3 | loss: 0.1588489
	speed: 0.8241s/iter; left time: 953.5353s
Epoch: 3 cost time: 53.03886675834656
Epoch: 3, Steps: 157 | Train Loss: 0.1918240 Vali Loss: 1.0022714 Test Loss: 0.7693781
Validation loss decreased (1.003895 --> 1.002271).  Saving model ...
Updating learning rate to 2.5e-05
	iters: 100, epoch: 4 | loss: 0.2097574
	speed: 0.8227s/iter; left time: 822.6958s
Epoch: 4 cost time: 52.96742486953735
Epoch: 4, Steps: 157 | Train Loss: 0.1791077 Vali Loss: 1.1314088 Test Loss: 0.8732682
EarlyStopping counter: 1 out of 3
Updating learning rate to 1.25e-05
	iters: 100, epoch: 5 | loss: 0.2010612
	speed: 0.8172s/iter; left time: 688.8762s
Epoch: 5 cost time: 52.855284214019775
Epoch: 5, Steps: 157 | Train Loss: 0.1727550 Vali Loss: 1.0735416 Test Loss: 0.8553867
EarlyStopping counter: 2 out of 3
Updating learning rate to 6.25e-06
	iters: 100, epoch: 6 | loss: 0.1647574
	speed: 0.8162s/iter; left time: 559.8850s
Epoch: 6 cost time: 52.92622995376587
Epoch: 6, Steps: 157 | Train Loss: 0.1702689 Vali Loss: 1.1551169 Test Loss: 0.8757709
EarlyStopping counter: 3 out of 3
Early stopping
>>>>>>>testing : long_term_forecast_Exchange_96_192_Crossformer_custom_ftM_sl96_ll48_pl192_dm512_nh8_el2_dl1_df2048_fc3_ebtimeF_dtTrue_Exp_0<<<<<<<<<<<<<<<<<<<<<<<<<<<<<<<<<
test 1326
test shape: (1326, 1, 192, 9) (1326, 1, 192, 9)
test shape: (1326, 192, 9) (1326, 192, 9)
mse:0.769378125667572, mae:0.656139075756073