Running Model with pred_len 720...
Args in experiment:
Namespace(task_name='long_term_forecast', is_training=1, model_id='Exchange_96_720', model='Autoformer', data='custom', root_path='./dataset/exchange_rate/', data_path='exchange_rate_VARMA_Residuals.csv', features='M', target='OT', freq='h', checkpoints='./checkpoints/', seq_len=96, label_len=48, pred_len=720, seasonal_patterns='Monthly', mask_rate=0.25, anomaly_ratio=0.25, top_k=5, num_kernels=6, enc_in=9, dec_in=9, c_out=9, d_model=512, n_heads=8, e_layers=2, d_layers=1, d_ff=2048, moving_avg=25, factor=3, distil=True, dropout=0.1, embed='timeF', activation='gelu', output_attention=False, num_workers=10, itr=1, train_epochs=10, batch_size=32, patience=3, learning_rate=0.0001, des='Exp', loss='MSE', lradj='type1', use_amp=False, use_gpu=True, gpu=0, use_multi_gpu=False, devices='0,1,2,3', p_hidden_dims=[128, 128], p_hidden_layers=2)
Use GPU: cuda:0
>>>>>>>start training : long_term_forecast_Exchange_96_720_Autoformer_custom_ftM_sl96_ll48_pl720_dm512_nh8_el2_dl1_df2048_fc3_ebtimeF_dtTrue_Exp_0>>>>>>>>>>>>>>>>>>>>>>>>>>
train 4496
val 41
test 798
	iters: 100, epoch: 1 | loss: 0.9317908
	speed: 0.7540s/iter; left time: 980.9733s
Epoch: 1 cost time: 105.65146207809448
Epoch: 1, Steps: 140 | Train Loss: 0.9084037 Vali Loss: 1.0635543 Test Loss: 1.1411079
Validation loss decreased (inf --> 1.063554).  Saving model ...
Updating learning rate to 0.0001
	iters: 100, epoch: 2 | loss: 0.8696467
	speed: 1.2484s/iter; left time: 1449.3970s
Epoch: 2 cost time: 105.15599942207336
Epoch: 2, Steps: 140 | Train Loss: 0.8699638 Vali Loss: 1.2768769 Test Loss: 1.0969177
EarlyStopping counter: 1 out of 3
Updating learning rate to 5e-05
	iters: 100, epoch: 3 | loss: 0.7440534
	speed: 1.2570s/iter; left time: 1283.3539s
Epoch: 3 cost time: 104.88313388824463
Epoch: 3, Steps: 140 | Train Loss: 0.7841305 Vali Loss: 1.3977627 Test Loss: 0.9558601
EarlyStopping counter: 2 out of 3
Updating learning rate to 2.5e-05
	iters: 100, epoch: 4 | loss: 0.7759231
	speed: 1.2516s/iter; left time: 1102.6485s
Epoch: 4 cost time: 105.01321005821228
Epoch: 4, Steps: 140 | Train Loss: 0.7367573 Vali Loss: 1.3416425 Test Loss: 0.9984441
EarlyStopping counter: 3 out of 3
Early stopping
>>>>>>>testing : long_term_forecast_Exchange_96_720_Autoformer_custom_ftM_sl96_ll48_pl720_dm512_nh8_el2_dl1_df2048_fc3_ebtimeF_dtTrue_Exp_0<<<<<<<<<<<<<<<<<<<<<<<<<<<<<<<<<
test 798
test shape: (798, 1, 720, 9) (798, 1, 720, 9)
test shape: (798, 720, 9) (798, 720, 9)
mse:1.1411079168319702, mae:0.8216748237609863