Running Model with pred_len 336...
Args in experiment:
Namespace(task_name='long_term_forecast', is_training=1, model_id='Exchange_96_336', model='Crossformer', data='custom', root_path='./dataset/exchange_rate/', data_path='exchange_rate_VARMA_Residuals.csv', features='M', target='OT', freq='h', checkpoints='./checkpoints/', seq_len=96, label_len=48, pred_len=336, seasonal_patterns='Monthly', mask_rate=0.25, anomaly_ratio=0.25, top_k=5, num_kernels=6, enc_in=9, dec_in=9, c_out=9, d_model=512, n_heads=8, e_layers=2, d_layers=1, d_ff=2048, moving_avg=25, factor=3, distil=True, dropout=0.1, embed='timeF', activation='gelu', output_attention=False, num_workers=10, itr=1, train_epochs=10, batch_size=32, patience=3, learning_rate=0.0001, des='Exp', loss='MSE', lradj='type1', use_amp=False, use_gpu=True, gpu=0, use_multi_gpu=False, devices='0,1,2,3', p_hidden_dims=[128, 128], p_hidden_layers=2)
Use GPU: cuda:0
>>>>>>>start training : long_term_forecast_Exchange_96_336_Crossformer_custom_ftM_sl96_ll48_pl336_dm512_nh8_el2_dl1_df2048_fc3_ebtimeF_dtTrue_Exp_0>>>>>>>>>>>>>>>>>>>>>>>>>>
train 4880
val 425
test 1182
	iters: 100, epoch: 1 | loss: 0.4320452
	speed: 0.5231s/iter; left time: 743.3959s
Epoch: 1 cost time: 77.97200679779053
Epoch: 1, Steps: 152 | Train Loss: 0.4870618 Vali Loss: 2.3461251 Test Loss: 1.0538461
Validation loss decreased (inf --> 2.346125).  Saving model ...
Updating learning rate to 0.0001
	iters: 100, epoch: 2 | loss: 0.2764985
	speed: 1.0417s/iter; left time: 1321.8776s
Epoch: 2 cost time: 76.97332572937012
Epoch: 2, Steps: 152 | Train Loss: 0.2644533 Vali Loss: 1.8573387 Test Loss: 0.9760373
Validation loss decreased (2.346125 --> 1.857339).  Saving model ...
Updating learning rate to 5e-05
	iters: 100, epoch: 3 | loss: 0.1774032
	speed: 1.0400s/iter; left time: 1161.6878s
Epoch: 3 cost time: 76.73187851905823
Epoch: 3, Steps: 152 | Train Loss: 0.2085723 Vali Loss: 2.3458581 Test Loss: 1.2434876
EarlyStopping counter: 1 out of 3
Updating learning rate to 2.5e-05
	iters: 100, epoch: 4 | loss: 0.1723108
	speed: 1.0325s/iter; left time: 996.3173s
Epoch: 4 cost time: 76.77451181411743
Epoch: 4, Steps: 152 | Train Loss: 0.1894471 Vali Loss: 2.1530383 Test Loss: 1.1971176
EarlyStopping counter: 2 out of 3
Updating learning rate to 1.25e-05
	iters: 100, epoch: 5 | loss: 0.1829654
	speed: 1.0318s/iter; left time: 838.8455s
Epoch: 5 cost time: 76.78118515014648
Epoch: 5, Steps: 152 | Train Loss: 0.1820808 Vali Loss: 2.0856047 Test Loss: 1.2003932
EarlyStopping counter: 3 out of 3
Early stopping
>>>>>>>testing : long_term_forecast_Exchange_96_336_Crossformer_custom_ftM_sl96_ll48_pl336_dm512_nh8_el2_dl1_df2048_fc3_ebtimeF_dtTrue_Exp_0<<<<<<<<<<<<<<<<<<<<<<<<<<<<<<<<<
test 1182
test shape: (1182, 1, 336, 9) (1182, 1, 336, 9)
test shape: (1182, 336, 9) (1182, 336, 9)
mse:0.976037323474884, mae:0.760188102722168