Running Model with pred_len 36...
Args in experiment:
Namespace(task_name='long_term_forecast', is_training=1, model_id='ili_36_36', model='FEDformer', data='custom', root_path='./dataset/illness/', data_path='national_illness_VARMA_Residuals.csv', features='M', target='OT', freq='h', checkpoints='./checkpoints/', seq_len=36, label_len=18, pred_len=36, seasonal_patterns='Monthly', mask_rate=0.25, anomaly_ratio=0.25, top_k=5, num_kernels=6, enc_in=8, dec_in=8, c_out=8, d_model=512, n_heads=8, e_layers=2, d_layers=1, d_ff=2048, moving_avg=25, factor=3, distil=True, dropout=0.1, embed='timeF', activation='gelu', output_attention=False, num_workers=10, itr=1, train_epochs=10, batch_size=32, patience=3, learning_rate=0.0001, des='Exp', loss='MSE', lradj='type1', use_amp=False, use_gpu=True, gpu=0, use_multi_gpu=False, devices='0,1,2,3', p_hidden_dims=[128, 128], p_hidden_layers=2)
Use GPU: cuda:0
fourier enhanced block used!
modes=32, index=[0, 1, 2, 3, 4, 5, 6, 7, 8, 9, 10, 11, 12, 13, 14, 15, 16, 17]
fourier enhanced block used!
modes=32, index=[0, 1, 2, 3, 4, 5, 6, 7, 8, 9, 10, 11, 12, 13, 14, 15, 16, 17, 18, 19, 20, 21, 22, 23, 24, 25, 26]
 fourier enhanced cross attention used!
modes_q=27, index_q=[0, 1, 2, 3, 4, 5, 6, 7, 8, 9, 10, 11, 12, 13, 14, 15, 16, 17, 18, 19, 20, 21, 22, 23, 24, 25, 26]
modes_kv=18, index_kv=[0, 1, 2, 3, 4, 5, 6, 7, 8, 9, 10, 11, 12, 13, 14, 15, 16, 17]
>>>>>>>start training : long_term_forecast_ili_36_36_FEDformer_custom_ftM_sl36_ll18_pl36_dm512_nh8_el2_dl1_df2048_fc3_ebtimeF_dtTrue_Exp_0>>>>>>>>>>>>>>>>>>>>>>>>>>
train 605
val 62
test 158
Epoch: 1 cost time: 4.82309889793396
Epoch: 1, Steps: 18 | Train Loss: 1.0660233 Vali Loss: 0.6944628 Test Loss: 4.0080481
Validation loss decreased (inf --> 0.694463).  Saving model ...
Updating learning rate to 0.0001
Epoch: 2 cost time: 3.9990668296813965
Epoch: 2, Steps: 18 | Train Loss: 0.8619110 Vali Loss: 0.6046529 Test Loss: 3.6011755
Validation loss decreased (0.694463 --> 0.604653).  Saving model ...
Updating learning rate to 5e-05
Epoch: 3 cost time: 4.027985572814941
Epoch: 3, Steps: 18 | Train Loss: 0.7535851 Vali Loss: 0.5126894 Test Loss: 3.3185120
Validation loss decreased (0.604653 --> 0.512689).  Saving model ...
Updating learning rate to 2.5e-05
Epoch: 4 cost time: 4.076643228530884
Epoch: 4, Steps: 18 | Train Loss: 0.7219627 Vali Loss: 0.4668172 Test Loss: 3.2149055
Validation loss decreased (0.512689 --> 0.466817).  Saving model ...
Updating learning rate to 1.25e-05
Epoch: 5 cost time: 4.041254043579102
Epoch: 5, Steps: 18 | Train Loss: 0.7001439 Vali Loss: 0.4278190 Test Loss: 3.1694417
Validation loss decreased (0.466817 --> 0.427819).  Saving model ...
Updating learning rate to 6.25e-06
Epoch: 6 cost time: 3.983074426651001
Epoch: 6, Steps: 18 | Train Loss: 0.6945844 Vali Loss: 0.4173197 Test Loss: 3.1490903
Validation loss decreased (0.427819 --> 0.417320).  Saving model ...
Updating learning rate to 3.125e-06
Epoch: 7 cost time: 4.028947353363037
Epoch: 7, Steps: 18 | Train Loss: 0.6902183 Vali Loss: 0.4544526 Test Loss: 3.1399541
EarlyStopping counter: 1 out of 3
Updating learning rate to 1.5625e-06
Epoch: 8 cost time: 4.087305307388306
Epoch: 8, Steps: 18 | Train Loss: 0.6804164 Vali Loss: 0.4338740 Test Loss: 3.1364167
EarlyStopping counter: 2 out of 3
Updating learning rate to 7.8125e-07
Epoch: 9 cost time: 4.060393810272217
Epoch: 9, Steps: 18 | Train Loss: 0.6832156 Vali Loss: 0.4299539 Test Loss: 3.1339471
EarlyStopping counter: 3 out of 3
Early stopping
>>>>>>>testing : long_term_forecast_ili_36_36_FEDformer_custom_ftM_sl36_ll18_pl36_dm512_nh8_el2_dl1_df2048_fc3_ebtimeF_dtTrue_Exp_0<<<<<<<<<<<<<<<<<<<<<<<<<<<<<<<<<
test 158
test shape: (158, 1, 36, 8) (158, 1, 36, 8)
test shape: (158, 36, 8) (158, 36, 8)
mse:3.149090528488159, mae:1.221225380897522