Running Model with pred_len 24...
Args in experiment:
Namespace(task_name='long_term_forecast', is_training=1, model_id='ili_36_24', model='FEDformer', data='custom', root_path='./dataset/illness/', data_path='national_illness_VARMA_Residuals.csv', features='M', target='OT', freq='h', checkpoints='./checkpoints/', seq_len=36, label_len=18, pred_len=24, seasonal_patterns='Monthly', mask_rate=0.25, anomaly_ratio=0.25, top_k=5, num_kernels=6, enc_in=8, dec_in=8, c_out=8, d_model=512, n_heads=8, e_layers=2, d_layers=1, d_ff=2048, moving_avg=25, factor=3, distil=True, dropout=0.1, embed='timeF', activation='gelu', output_attention=False, num_workers=10, itr=1, train_epochs=10, batch_size=32, patience=3, learning_rate=0.0001, des='Exp', loss='MSE', lradj='type1', use_amp=False, use_gpu=True, gpu=0, use_multi_gpu=False, devices='0,1,2,3', p_hidden_dims=[128, 128], p_hidden_layers=2)
Use GPU: cuda:0
fourier enhanced block used!
modes=32, index=[0, 1, 2, 3, 4, 5, 6, 7, 8, 9, 10, 11, 12, 13, 14, 15, 16, 17]
fourier enhanced block used!
modes=32, index=[0, 1, 2, 3, 4, 5, 6, 7, 8, 9, 10, 11, 12, 13, 14, 15, 16, 17, 18, 19, 20]
 fourier enhanced cross attention used!
modes_q=21, index_q=[0, 1, 2, 3, 4, 5, 6, 7, 8, 9, 10, 11, 12, 13, 14, 15, 16, 17, 18, 19, 20]
modes_kv=18, index_kv=[0, 1, 2, 3, 4, 5, 6, 7, 8, 9, 10, 11, 12, 13, 14, 15, 16, 17]
>>>>>>>start training : long_term_forecast_ili_36_24_FEDformer_custom_ftM_sl36_ll18_pl24_dm512_nh8_el2_dl1_df2048_fc3_ebtimeF_dtTrue_Exp_0>>>>>>>>>>>>>>>>>>>>>>>>>>
train 617
val 74
test 170
Epoch: 1 cost time: 4.570177316665649
Epoch: 1, Steps: 19 | Train Loss: 1.1678741 Vali Loss: 0.7931939 Test Loss: 4.4246016
Validation loss decreased (inf --> 0.793194).  Saving model ...
Updating learning rate to 0.0001
Epoch: 2 cost time: 3.8299500942230225
Epoch: 2, Steps: 19 | Train Loss: 0.9140833 Vali Loss: 0.6093559 Test Loss: 3.6962016
Validation loss decreased (0.793194 --> 0.609356).  Saving model ...
Updating learning rate to 5e-05
Epoch: 3 cost time: 3.7499492168426514
Epoch: 3, Steps: 19 | Train Loss: 0.7604572 Vali Loss: 0.4740843 Test Loss: 3.3285198
Validation loss decreased (0.609356 --> 0.474084).  Saving model ...
Updating learning rate to 2.5e-05
Epoch: 4 cost time: 3.7992124557495117
Epoch: 4, Steps: 19 | Train Loss: 0.7030575 Vali Loss: 0.4394733 Test Loss: 3.2582738
Validation loss decreased (0.474084 --> 0.439473).  Saving model ...
Updating learning rate to 1.25e-05
Epoch: 5 cost time: 3.829068422317505
Epoch: 5, Steps: 19 | Train Loss: 0.6713801 Vali Loss: 0.4389460 Test Loss: 3.2141786
Validation loss decreased (0.439473 --> 0.438946).  Saving model ...
Updating learning rate to 6.25e-06
Epoch: 6 cost time: 3.8478870391845703
Epoch: 6, Steps: 19 | Train Loss: 0.6695647 Vali Loss: 0.4236725 Test Loss: 3.2002592
Validation loss decreased (0.438946 --> 0.423672).  Saving model ...
Updating learning rate to 3.125e-06
Epoch: 7 cost time: 3.911940097808838
Epoch: 7, Steps: 19 | Train Loss: 0.6607584 Vali Loss: 0.4233626 Test Loss: 3.1870034
Validation loss decreased (0.423672 --> 0.423363).  Saving model ...
Updating learning rate to 1.5625e-06
Epoch: 8 cost time: 3.873818874359131
Epoch: 8, Steps: 19 | Train Loss: 0.6591768 Vali Loss: 0.4368027 Test Loss: 3.1822000
EarlyStopping counter: 1 out of 3
Updating learning rate to 7.8125e-07
Epoch: 9 cost time: 3.97375750541687
Epoch: 9, Steps: 19 | Train Loss: 0.6595172 Vali Loss: 0.4328173 Test Loss: 3.1801772
EarlyStopping counter: 2 out of 3
Updating learning rate to 3.90625e-07
Epoch: 10 cost time: 4.03813362121582
Epoch: 10, Steps: 19 | Train Loss: 0.6640138 Vali Loss: 0.4352634 Test Loss: 3.1789408
EarlyStopping counter: 3 out of 3
Early stopping
>>>>>>>testing : long_term_forecast_ili_36_24_FEDformer_custom_ftM_sl36_ll18_pl24_dm512_nh8_el2_dl1_df2048_fc3_ebtimeF_dtTrue_Exp_0<<<<<<<<<<<<<<<<<<<<<<<<<<<<<<<<<
test 170
test shape: (170, 1, 24, 8) (170, 1, 24, 8)
test shape: (170, 24, 8) (170, 24, 8)
mse:3.1870031356811523, mae:1.2476199865341187