Running Model with pred_len 96...
Args in experiment:
Namespace(task_name='long_term_forecast', is_training=1, model_id='Exchange_96_96', model='Pyraformer', data='custom', root_path='./dataset/exchange_rate/', data_path='exchange_rate_VARMA_Residuals.csv', features='M', target='OT', freq='h', checkpoints='./checkpoints/', seq_len=96, label_len=48, pred_len=96, seasonal_patterns='Monthly', mask_rate=0.25, anomaly_ratio=0.25, top_k=5, num_kernels=6, enc_in=9, dec_in=9, c_out=9, d_model=512, n_heads=8, e_layers=2, d_layers=1, d_ff=2048, moving_avg=25, factor=3, distil=True, dropout=0.1, embed='timeF', activation='gelu', output_attention=False, num_workers=10, itr=1, train_epochs=10, batch_size=32, patience=3, learning_rate=0.0001, des='Exp', loss='MSE', lradj='type1', use_amp=False, use_gpu=True, gpu=0, use_multi_gpu=False, devices='0,1,2,3', p_hidden_dims=[128, 128], p_hidden_layers=2)
Use GPU: cuda:0
>>>>>>>start training : long_term_forecast_Exchange_96_96_Pyraformer_custom_ftM_sl96_ll48_pl96_dm512_nh8_el2_dl1_df2048_fc3_ebtimeF_dtTrue_Exp_0>>>>>>>>>>>>>>>>>>>>>>>>>>
train 5120
val 665
test 1422
	iters: 100, epoch: 1 | loss: 0.1995653
	speed: 0.0844s/iter; left time: 126.6532s
Epoch: 1 cost time: 12.883473873138428
Epoch: 1, Steps: 160 | Train Loss: 0.2712836 Vali Loss: 1.0818164 Test Loss: 0.7755879
Validation loss decreased (inf --> 1.081816).  Saving model ...
Updating learning rate to 0.0001
	iters: 100, epoch: 2 | loss: 0.2034142
	speed: 0.2185s/iter; left time: 293.0737s
Epoch: 2 cost time: 11.78225302696228
Epoch: 2, Steps: 160 | Train Loss: 0.1788443 Vali Loss: 1.0140749 Test Loss: 0.6629091
Validation loss decreased (1.081816 --> 1.014075).  Saving model ...
Updating learning rate to 5e-05
	iters: 100, epoch: 3 | loss: 0.1569898
	speed: 0.2156s/iter; left time: 254.5894s
Epoch: 3 cost time: 11.743851900100708
Epoch: 3, Steps: 160 | Train Loss: 0.1605611 Vali Loss: 1.0666200 Test Loss: 0.6962575
EarlyStopping counter: 1 out of 3
Updating learning rate to 2.5e-05
	iters: 100, epoch: 4 | loss: 0.1322600
	speed: 0.2185s/iter; left time: 223.1114s
Epoch: 4 cost time: 11.718438386917114
Epoch: 4, Steps: 160 | Train Loss: 0.1531090 Vali Loss: 1.1246231 Test Loss: 0.6869852
EarlyStopping counter: 2 out of 3
Updating learning rate to 1.25e-05
	iters: 100, epoch: 5 | loss: 0.1059536
	speed: 0.2175s/iter; left time: 187.2487s
Epoch: 5 cost time: 11.844503164291382
Epoch: 5, Steps: 160 | Train Loss: 0.1499958 Vali Loss: 1.1208192 Test Loss: 0.7019482
EarlyStopping counter: 3 out of 3
Early stopping
>>>>>>>testing : long_term_forecast_Exchange_96_96_Pyraformer_custom_ftM_sl96_ll48_pl96_dm512_nh8_el2_dl1_df2048_fc3_ebtimeF_dtTrue_Exp_0<<<<<<<<<<<<<<<<<<<<<<<<<<<<<<<<<
test 1422
test shape: (1422, 1, 96, 9) (1422, 1, 96, 9)
test shape: (1422, 96, 9) (1422, 96, 9)
mse:0.6629091501235962, mae:0.6194300651550293