Running Model with pred_len 48...
Args in experiment:
Namespace(task_name='long_term_forecast', is_training=1, model_id='ili_36_48', model='PatchTST', data='custom', root_path='./dataset/illness/', data_path='national_illness_VARMA_Residuals.csv', features='M', target='OT', freq='h', checkpoints='./checkpoints/', seq_len=36, label_len=18, pred_len=48, seasonal_patterns='Monthly', mask_rate=0.25, anomaly_ratio=0.25, top_k=5, num_kernels=6, enc_in=8, dec_in=8, c_out=8, d_model=512, n_heads=8, e_layers=2, d_layers=1, d_ff=2048, moving_avg=25, factor=3, distil=True, dropout=0.1, embed='timeF', activation='gelu', output_attention=False, num_workers=10, itr=1, train_epochs=10, batch_size=32, patience=3, learning_rate=0.0001, des='Exp', loss='MSE', lradj='type1', use_amp=False, use_gpu=True, gpu=0, use_multi_gpu=False, devices='0,1,2,3', p_hidden_dims=[128, 128], p_hidden_layers=2)
Use GPU: cuda:0
>>>>>>>start training : long_term_forecast_ili_36_48_PatchTST_custom_ftM_sl36_ll18_pl48_dm512_nh8_el2_dl1_df2048_fc3_ebtimeF_dtTrue_Exp_0>>>>>>>>>>>>>>>>>>>>>>>>>>
train 593
val 50
test 146
Epoch: 1 cost time: 2.16609525680542
Epoch: 1, Steps: 18 | Train Loss: 0.8792694 Vali Loss: 0.4673942 Test Loss: 2.5910978
Validation loss decreased (inf --> 0.467394).  Saving model ...
Updating learning rate to 0.0001
Epoch: 2 cost time: 1.1330256462097168
Epoch: 2, Steps: 18 | Train Loss: 0.7646907 Vali Loss: 0.4317854 Test Loss: 2.5836408
Validation loss decreased (0.467394 --> 0.431785).  Saving model ...
Updating learning rate to 5e-05
Epoch: 3 cost time: 1.120065689086914
Epoch: 3, Steps: 18 | Train Loss: 0.7257958 Vali Loss: 0.4051864 Test Loss: 2.4462411
Validation loss decreased (0.431785 --> 0.405186).  Saving model ...
Updating learning rate to 2.5e-05
Epoch: 4 cost time: 1.1476852893829346
Epoch: 4, Steps: 18 | Train Loss: 0.7135950 Vali Loss: 0.3914167 Test Loss: 2.4341748
Validation loss decreased (0.405186 --> 0.391417).  Saving model ...
Updating learning rate to 1.25e-05
Epoch: 5 cost time: 1.1727321147918701
Epoch: 5, Steps: 18 | Train Loss: 0.7028835 Vali Loss: 0.3788204 Test Loss: 2.4502802
Validation loss decreased (0.391417 --> 0.378820).  Saving model ...
Updating learning rate to 6.25e-06
Epoch: 6 cost time: 1.096045732498169
Epoch: 6, Steps: 18 | Train Loss: 0.6916411 Vali Loss: 0.4089762 Test Loss: 2.4368970
EarlyStopping counter: 1 out of 3
Updating learning rate to 3.125e-06
Epoch: 7 cost time: 1.0770387649536133
Epoch: 7, Steps: 18 | Train Loss: 0.7041333 Vali Loss: 0.3796021 Test Loss: 2.4269731
EarlyStopping counter: 2 out of 3
Updating learning rate to 1.5625e-06
Epoch: 8 cost time: 1.0775487422943115
Epoch: 8, Steps: 18 | Train Loss: 0.7007027 Vali Loss: 0.3770559 Test Loss: 2.4321778
Validation loss decreased (0.378820 --> 0.377056).  Saving model ...
Updating learning rate to 7.8125e-07
Epoch: 9 cost time: 1.1297717094421387
Epoch: 9, Steps: 18 | Train Loss: 0.7048462 Vali Loss: 0.3814847 Test Loss: 2.4318185
EarlyStopping counter: 1 out of 3
Updating learning rate to 3.90625e-07
Epoch: 10 cost time: 1.1745290756225586
Epoch: 10, Steps: 18 | Train Loss: 0.6928564 Vali Loss: 0.4128640 Test Loss: 2.4306898
EarlyStopping counter: 2 out of 3
Updating learning rate to 1.953125e-07
>>>>>>>testing : long_term_forecast_ili_36_48_PatchTST_custom_ftM_sl36_ll18_pl48_dm512_nh8_el2_dl1_df2048_fc3_ebtimeF_dtTrue_Exp_0<<<<<<<<<<<<<<<<<<<<<<<<<<<<<<<<<
test 146
test shape: (146, 1, 48, 8) (146, 1, 48, 8)
test shape: (146, 48, 8) (146, 48, 8)
mse:2.432178020477295, mae:1.0035181045532227