Running Model with pred_len 60...
Args in experiment:
Namespace(task_name='long_term_forecast', is_training=1, model_id='ili_36_60', model='FEDformer', data='custom', root_path='./dataset/illness/', data_path='national_illness.csv', features='M', target='OT', freq='h', checkpoints='./checkpoints/', seq_len=36, label_len=18, pred_len=60, seasonal_patterns='Monthly', mask_rate=0.25, anomaly_ratio=0.25, top_k=5, num_kernels=6, enc_in=7, dec_in=7, c_out=7, d_model=512, n_heads=8, e_layers=2, d_layers=1, d_ff=2048, moving_avg=25, factor=3, distil=True, dropout=0.1, embed='timeF', activation='gelu', output_attention=False, num_workers=10, itr=1, train_epochs=10, batch_size=32, patience=3, learning_rate=0.0001, des='Exp', loss='MSE', lradj='type1', use_amp=False, use_gpu=True, gpu=0, use_multi_gpu=False, devices='0,1,2,3', p_hidden_dims=[128, 128], p_hidden_layers=2)
Use GPU: cuda:0
fourier enhanced block used!
modes=32, index=[0, 1, 2, 3, 4, 5, 6, 7, 8, 9, 10, 11, 12, 13, 14, 15, 16, 17]
fourier enhanced block used!
modes=32, index=[0, 1, 3, 4, 6, 7, 8, 9, 10, 11, 12, 13, 14, 15, 17, 18, 19, 20, 21, 22, 23, 24, 25, 27, 28, 30, 31, 32, 33, 34, 36, 38]
 fourier enhanced cross attention used!
modes_q=32, index_q=[0, 1, 2, 3, 4, 5, 6, 8, 10, 12, 13, 14, 15, 16, 17, 18, 19, 21, 22, 23, 24, 26, 28, 29, 30, 31, 32, 33, 34, 35, 37, 38]
modes_kv=18, index_kv=[0, 1, 2, 3, 4, 5, 6, 7, 8, 9, 10, 11, 12, 13, 14, 15, 16, 17]
>>>>>>>start training : long_term_forecast_ili_36_60_FEDformer_custom_ftM_sl36_ll18_pl60_dm512_nh8_el2_dl1_df2048_fc3_ebtimeF_dtTrue_Exp_0>>>>>>>>>>>>>>>>>>>>>>>>>>
train 581
val 38
test 134
Epoch: 1 cost time: 5.477400064468384
Epoch: 1, Steps: 18 | Train Loss: 1.0811600 Vali Loss: 0.6856507 Test Loss: 3.9023323
Validation loss decreased (inf --> 0.685651).  Saving model ...
Updating learning rate to 0.0001
Epoch: 2 cost time: 4.51110577583313
Epoch: 2, Steps: 18 | Train Loss: 0.8811312 Vali Loss: 0.5809151 Test Loss: 3.6540129
Validation loss decreased (0.685651 --> 0.580915).  Saving model ...
Updating learning rate to 5e-05
Epoch: 3 cost time: 4.494783878326416
Epoch: 3, Steps: 18 | Train Loss: 0.7796697 Vali Loss: 0.5113286 Test Loss: 3.3938768
Validation loss decreased (0.580915 --> 0.511329).  Saving model ...
Updating learning rate to 2.5e-05
Epoch: 4 cost time: 4.455470561981201
Epoch: 4, Steps: 18 | Train Loss: 0.7244588 Vali Loss: 0.4491943 Test Loss: 3.2576752
Validation loss decreased (0.511329 --> 0.449194).  Saving model ...
Updating learning rate to 1.25e-05
Epoch: 5 cost time: 4.401369571685791
Epoch: 5, Steps: 18 | Train Loss: 0.6994423 Vali Loss: 0.4576171 Test Loss: 3.1866102
EarlyStopping counter: 1 out of 3
Updating learning rate to 6.25e-06
Epoch: 6 cost time: 4.394926071166992
Epoch: 6, Steps: 18 | Train Loss: 0.6910236 Vali Loss: 0.4476431 Test Loss: 3.1557727
Validation loss decreased (0.449194 --> 0.447643).  Saving model ...
Updating learning rate to 3.125e-06
Epoch: 7 cost time: 4.39833402633667
Epoch: 7, Steps: 18 | Train Loss: 0.6858226 Vali Loss: 0.4487129 Test Loss: 3.1409740
EarlyStopping counter: 1 out of 3
Updating learning rate to 1.5625e-06
Epoch: 8 cost time: 4.416692495346069
Epoch: 8, Steps: 18 | Train Loss: 0.6821884 Vali Loss: 0.4405742 Test Loss: 3.1335628
Validation loss decreased (0.447643 --> 0.440574).  Saving model ...
Updating learning rate to 7.8125e-07
Epoch: 9 cost time: 4.416914701461792
Epoch: 9, Steps: 18 | Train Loss: 0.6794706 Vali Loss: 0.4546680 Test Loss: 3.1301799
EarlyStopping counter: 1 out of 3
Updating learning rate to 3.90625e-07
Epoch: 10 cost time: 4.446817398071289
Epoch: 10, Steps: 18 | Train Loss: 0.6757946 Vali Loss: 0.4347215 Test Loss: 3.1281269
Validation loss decreased (0.440574 --> 0.434722).  Saving model ...
Updating learning rate to 1.953125e-07
>>>>>>>testing : long_term_forecast_ili_36_60_FEDformer_custom_ftM_sl36_ll18_pl60_dm512_nh8_el2_dl1_df2048_fc3_ebtimeF_dtTrue_Exp_0<<<<<<<<<<<<<<<<<<<<<<<<<<<<<<<<<
test 134
test shape: (134, 1, 60, 7) (134, 1, 60, 7)
test shape: (134, 60, 7) (134, 60, 7)
mse:3.128127336502075, mae:1.2223585844039917