Running Model with pred_len 36...
Args in experiment:
Namespace(task_name='long_term_forecast', is_training=1, model_id='ili_36_36', model='FEDformer', data='custom', root_path='./dataset/illness/', data_path='national_illness.csv', features='M', target='OT', freq='h', checkpoints='./checkpoints/', seq_len=36, label_len=18, pred_len=36, seasonal_patterns='Monthly', mask_rate=0.25, anomaly_ratio=0.25, top_k=5, num_kernels=6, enc_in=7, dec_in=7, c_out=7, d_model=512, n_heads=8, e_layers=2, d_layers=1, d_ff=2048, moving_avg=25, factor=3, distil=True, dropout=0.1, embed='timeF', activation='gelu', output_attention=False, num_workers=10, itr=1, train_epochs=10, batch_size=32, patience=3, learning_rate=0.0001, des='Exp', loss='MSE', lradj='type1', use_amp=False, use_gpu=True, gpu=0, use_multi_gpu=False, devices='0,1,2,3', p_hidden_dims=[128, 128], p_hidden_layers=2)
Use GPU: cuda:0
fourier enhanced block used!
modes=32, index=[0, 1, 2, 3, 4, 5, 6, 7, 8, 9, 10, 11, 12, 13, 14, 15, 16, 17]
fourier enhanced block used!
modes=32, index=[0, 1, 2, 3, 4, 5, 6, 7, 8, 9, 10, 11, 12, 13, 14, 15, 16, 17, 18, 19, 20, 21, 22, 23, 24, 25, 26]
 fourier enhanced cross attention used!
modes_q=27, index_q=[0, 1, 2, 3, 4, 5, 6, 7, 8, 9, 10, 11, 12, 13, 14, 15, 16, 17, 18, 19, 20, 21, 22, 23, 24, 25, 26]
modes_kv=18, index_kv=[0, 1, 2, 3, 4, 5, 6, 7, 8, 9, 10, 11, 12, 13, 14, 15, 16, 17]
>>>>>>>start training : long_term_forecast_ili_36_36_FEDformer_custom_ftM_sl36_ll18_pl36_dm512_nh8_el2_dl1_df2048_fc3_ebtimeF_dtTrue_Exp_0>>>>>>>>>>>>>>>>>>>>>>>>>>
train 605
val 62
test 158
Epoch: 1 cost time: 4.888701677322388
Epoch: 1, Steps: 18 | Train Loss: 1.0909337 Vali Loss: 0.5745816 Test Loss: 4.3580027
Validation loss decreased (inf --> 0.574582).  Saving model ...
Updating learning rate to 0.0001
Epoch: 2 cost time: 3.9181056022644043
Epoch: 2, Steps: 18 | Train Loss: 0.8812268 Vali Loss: 0.4971005 Test Loss: 3.8636482
Validation loss decreased (0.574582 --> 0.497101).  Saving model ...
Updating learning rate to 5e-05
Epoch: 3 cost time: 3.8685946464538574
Epoch: 3, Steps: 18 | Train Loss: 0.7596344 Vali Loss: 0.4198743 Test Loss: 3.5294693
Validation loss decreased (0.497101 --> 0.419874).  Saving model ...
Updating learning rate to 2.5e-05
Epoch: 4 cost time: 3.8296616077423096
Epoch: 4, Steps: 18 | Train Loss: 0.6919468 Vali Loss: 0.3843559 Test Loss: 3.3583953
Validation loss decreased (0.419874 --> 0.384356).  Saving model ...
Updating learning rate to 1.25e-05
Epoch: 5 cost time: 3.801547050476074
Epoch: 5, Steps: 18 | Train Loss: 0.6728795 Vali Loss: 0.3821200 Test Loss: 3.3019710
Validation loss decreased (0.384356 --> 0.382120).  Saving model ...
Updating learning rate to 6.25e-06
Epoch: 6 cost time: 3.7834079265594482
Epoch: 6, Steps: 18 | Train Loss: 0.6726786 Vali Loss: 0.3747839 Test Loss: 3.2759647
Validation loss decreased (0.382120 --> 0.374784).  Saving model ...
Updating learning rate to 3.125e-06
Epoch: 7 cost time: 3.7628631591796875
Epoch: 7, Steps: 18 | Train Loss: 0.6644649 Vali Loss: 0.3690581 Test Loss: 3.2632198
Validation loss decreased (0.374784 --> 0.369058).  Saving model ...
Updating learning rate to 1.5625e-06
Epoch: 8 cost time: 3.7876644134521484
Epoch: 8, Steps: 18 | Train Loss: 0.6660563 Vali Loss: 0.3329619 Test Loss: 3.2571280
Validation loss decreased (0.369058 --> 0.332962).  Saving model ...
Updating learning rate to 7.8125e-07
Epoch: 9 cost time: 3.8417978286743164
Epoch: 9, Steps: 18 | Train Loss: 0.6449941 Vali Loss: 0.3739974 Test Loss: 3.2542381
EarlyStopping counter: 1 out of 3
Updating learning rate to 3.90625e-07
Epoch: 10 cost time: 3.8700430393218994
Epoch: 10, Steps: 18 | Train Loss: 0.6467194 Vali Loss: 0.3574859 Test Loss: 3.2523916
EarlyStopping counter: 2 out of 3
Updating learning rate to 1.953125e-07
>>>>>>>testing : long_term_forecast_ili_36_36_FEDformer_custom_ftM_sl36_ll18_pl36_dm512_nh8_el2_dl1_df2048_fc3_ebtimeF_dtTrue_Exp_0<<<<<<<<<<<<<<<<<<<<<<<<<<<<<<<<<
test 158
test shape: (158, 1, 36, 7) (158, 1, 36, 7)
test shape: (158, 36, 7) (158, 36, 7)
mse:3.2571282386779785, mae:1.2473689317703247