Running Model with pred_len 336...
Args in experiment:
Namespace(task_name='long_term_forecast', is_training=1, model_id='Exchange_96_336', model='PatchTST', data='custom', root_path='./dataset/exchange_rate/', data_path='exchange_rate.csv', features='M', target='OT', freq='h', checkpoints='./checkpoints/', seq_len=96, label_len=48, pred_len=336, seasonal_patterns='Monthly', mask_rate=0.25, anomaly_ratio=0.25, top_k=5, num_kernels=6, enc_in=8, dec_in=8, c_out=8, d_model=512, n_heads=8, e_layers=2, d_layers=1, d_ff=2048, moving_avg=25, factor=3, distil=True, dropout=0.1, embed='timeF', activation='gelu', output_attention=False, num_workers=10, itr=1, train_epochs=10, batch_size=32, patience=3, learning_rate=0.0001, des='Exp', loss='MSE', lradj='type1', use_amp=False, use_gpu=True, gpu=0, use_multi_gpu=False, devices='0,1,2,3', p_hidden_dims=[128, 128], p_hidden_layers=2)
Use GPU: cuda:0
>>>>>>>start training : long_term_forecast_Exchange_96_336_PatchTST_custom_ftM_sl96_ll48_pl336_dm512_nh8_el2_dl1_df2048_fc3_ebtimeF_dtTrue_Exp_0>>>>>>>>>>>>>>>>>>>>>>>>>>
train 4880
val 425
test 1182
	iters: 100, epoch: 1 | loss: 0.4201143
	speed: 0.0628s/iter; left time: 89.2890s
Epoch: 1 cost time: 9.094464540481567
Epoch: 1, Steps: 152 | Train Loss: 0.4425431 Vali Loss: 0.4052260 Test Loss: 0.3361202
Validation loss decreased (inf --> 0.405226).  Saving model ...
Updating learning rate to 0.0001
	iters: 100, epoch: 2 | loss: 0.4339692
	speed: 0.1514s/iter; left time: 192.0924s
Epoch: 2 cost time: 8.576876163482666
Epoch: 2, Steps: 152 | Train Loss: 0.4318386 Vali Loss: 0.3710169 Test Loss: 0.3468810
Validation loss decreased (0.405226 --> 0.371017).  Saving model ...
Updating learning rate to 5e-05
	iters: 100, epoch: 3 | loss: 0.4462760
	speed: 0.1517s/iter; left time: 169.4553s
Epoch: 3 cost time: 8.774292707443237
Epoch: 3, Steps: 152 | Train Loss: 0.4248258 Vali Loss: 0.3937022 Test Loss: 0.3452654
EarlyStopping counter: 1 out of 3
Updating learning rate to 2.5e-05
	iters: 100, epoch: 4 | loss: 0.4701597
	speed: 0.1495s/iter; left time: 144.3007s
Epoch: 4 cost time: 8.43726658821106
Epoch: 4, Steps: 152 | Train Loss: 0.4203047 Vali Loss: 0.4105741 Test Loss: 0.3310561
EarlyStopping counter: 2 out of 3
Updating learning rate to 1.25e-05
	iters: 100, epoch: 5 | loss: 0.4230596
	speed: 0.1481s/iter; left time: 120.4071s
Epoch: 5 cost time: 8.239850521087646
Epoch: 5, Steps: 152 | Train Loss: 0.4166835 Vali Loss: 0.4099984 Test Loss: 0.3369563
EarlyStopping counter: 3 out of 3
Early stopping
>>>>>>>testing : long_term_forecast_Exchange_96_336_PatchTST_custom_ftM_sl96_ll48_pl336_dm512_nh8_el2_dl1_df2048_fc3_ebtimeF_dtTrue_Exp_0<<<<<<<<<<<<<<<<<<<<<<<<<<<<<<<<<
test 1182
test shape: (1182, 1, 336, 8) (1182, 1, 336, 8)
test shape: (1182, 336, 8) (1182, 336, 8)
mse:0.34688109159469604, mae:0.4270159900188446