Running Model with pred_len 192
Args in experiment:
Namespace(task_name='long_term_forecast', is_training=1, model_id='Exchange_96_192', model='Autoformer', data='custom', root_path='./dataset/exchange_rate/', data_path='exchange_rate.csv', features='M', target='OT', freq='h', checkpoints='./checkpoints/', seq_len=96, label_len=48, pred_len=192, seasonal_patterns='Monthly', mask_rate=0.25, anomaly_ratio=0.25, top_k=5, num_kernels=6, enc_in=8, dec_in=8, c_out=8, d_model=512, n_heads=8, e_layers=2, d_layers=1, d_ff=2048, moving_avg=25, factor=3, distil=True, dropout=0.1, embed='timeF', activation='gelu', output_attention=False, num_workers=10, itr=1, train_epochs=10, batch_size=32, patience=3, learning_rate=0.0001, des='Exp', loss='MSE', lradj='type1', use_amp=False, use_gpu=True, gpu=0, use_multi_gpu=False, devices='0,1,2,3', p_hidden_dims=[128, 128], p_hidden_layers=2)
Use GPU: cuda:0
>>>>>>>start training : long_term_forecast_Exchange_96_192_Autoformer_custom_ftM_sl96_ll48_pl192_dm512_nh8_el2_dl1_df2048_fc3_ebtimeF_dtTrue_Exp_0>>>>>>>>>>>>>>>>>>>>>>>>>>
train 5024
val 569
test 1326
	iters: 100, epoch: 1 | loss: 0.3319056
	speed: 0.2717s/iter; left time: 399.7202s
Epoch: 1 cost time: 42.50500988960266
Epoch: 1, Steps: 157 | Train Loss: 0.3519438 Vali Loss: 0.2856342 Test Loss: 0.3077921
Validation loss decreased (inf --> 0.285634).  Saving model ...
Updating learning rate to 0.0001
	iters: 100, epoch: 2 | loss: 0.2711914
	speed: 0.6992s/iter; left time: 918.7457s
Epoch: 2 cost time: 42.19357180595398
Epoch: 2, Steps: 157 | Train Loss: 0.3143233 Vali Loss: 0.5186987 Test Loss: 1.2389765
EarlyStopping counter: 1 out of 3
Updating learning rate to 5e-05
	iters: 100, epoch: 3 | loss: 0.3138671
	speed: 0.6970s/iter; left time: 806.3822s
Epoch: 3 cost time: 42.3943235874176
Epoch: 3, Steps: 157 | Train Loss: 0.2702297 Vali Loss: 0.4382221 Test Loss: 1.0065004
EarlyStopping counter: 2 out of 3
Updating learning rate to 2.5e-05
	iters: 100, epoch: 4 | loss: 0.2578729
	speed: 0.7039s/iter; left time: 703.9148s
Epoch: 4 cost time: 42.47626805305481
Epoch: 4, Steps: 157 | Train Loss: 0.2562865 Vali Loss: 0.3743963 Test Loss: 0.6503273
EarlyStopping counter: 3 out of 3
Early stopping
>>>>>>>testing : long_term_forecast_Exchange_96_192_Autoformer_custom_ftM_sl96_ll48_pl192_dm512_nh8_el2_dl1_df2048_fc3_ebtimeF_dtTrue_Exp_0<<<<<<<<<<<<<<<<<<<<<<<<<<<<<<<<<
test 1326
test shape: (1326, 1, 192, 8) (1326, 1, 192, 8)
test shape: (1326, 192, 8) (1326, 192, 8)
mse:0.30779191851615906, mae:0.40357527136802673