Running Model with pred_len 192...
Args in experiment:
Namespace(task_name='long_term_forecast', is_training=1, model_id='Exchange_96_192', model='PatchTST', data='custom', root_path='./dataset/exchange_rate/', data_path='exchange_rate.csv', features='M', target='OT', freq='h', checkpoints='./checkpoints/', seq_len=96, label_len=48, pred_len=192, seasonal_patterns='Monthly', mask_rate=0.25, anomaly_ratio=0.25, top_k=5, num_kernels=6, enc_in=8, dec_in=8, c_out=8, d_model=512, n_heads=8, e_layers=2, d_layers=1, d_ff=2048, moving_avg=25, factor=3, distil=True, dropout=0.1, embed='timeF', activation='gelu', output_attention=False, num_workers=10, itr=1, train_epochs=10, batch_size=32, patience=3, learning_rate=0.0001, des='Exp', loss='MSE', lradj='type1', use_amp=False, use_gpu=True, gpu=0, use_multi_gpu=False, devices='0,1,2,3', p_hidden_dims=[128, 128], p_hidden_layers=2)
Use GPU: cuda:0
>>>>>>>start training : long_term_forecast_Exchange_96_192_PatchTST_custom_ftM_sl96_ll48_pl192_dm512_nh8_el2_dl1_df2048_fc3_ebtimeF_dtTrue_Exp_0>>>>>>>>>>>>>>>>>>>>>>>>>>
train 5024
val 569
test 1326
	iters: 100, epoch: 1 | loss: 0.2209681
	speed: 0.0617s/iter; left time: 90.8216s
Epoch: 1 cost time: 9.195149421691895
Epoch: 1, Steps: 157 | Train Loss: 0.2640418 Vali Loss: 0.2253524 Test Loss: 0.1809215
Validation loss decreased (inf --> 0.225352).  Saving model ...
Updating learning rate to 0.0001
	iters: 100, epoch: 2 | loss: 0.2369893
	speed: 0.1569s/iter; left time: 206.1496s
Epoch: 2 cost time: 8.788626909255981
Epoch: 2, Steps: 157 | Train Loss: 0.2535535 Vali Loss: 0.2324167 Test Loss: 0.1878760
EarlyStopping counter: 1 out of 3
Updating learning rate to 5e-05
	iters: 100, epoch: 3 | loss: 0.2153449
	speed: 0.1602s/iter; left time: 185.3649s
Epoch: 3 cost time: 8.768005132675171
Epoch: 3, Steps: 157 | Train Loss: 0.2499679 Vali Loss: 0.2326649 Test Loss: 0.1862002
EarlyStopping counter: 2 out of 3
Updating learning rate to 2.5e-05
	iters: 100, epoch: 4 | loss: 0.2317692
	speed: 0.1599s/iter; left time: 159.9149s
Epoch: 4 cost time: 8.416052341461182
Epoch: 4, Steps: 157 | Train Loss: 0.2475668 Vali Loss: 0.2403272 Test Loss: 0.1791827
EarlyStopping counter: 3 out of 3
Early stopping
>>>>>>>testing : long_term_forecast_Exchange_96_192_PatchTST_custom_ftM_sl96_ll48_pl192_dm512_nh8_el2_dl1_df2048_fc3_ebtimeF_dtTrue_Exp_0<<<<<<<<<<<<<<<<<<<<<<<<<<<<<<<<<
test 1326
test shape: (1326, 1, 192, 8) (1326, 1, 192, 8)
test shape: (1326, 192, 8) (1326, 192, 8)
mse:0.1809215098619461, mae:0.3014143407344818