Running Model with pred_len 24...
Args in experiment:
Namespace(task_name='long_term_forecast', is_training=1, model_id='ili_36_24', model='Crossformer', data='custom', root_path='./dataset/illness/', data_path='national_illness.csv', features='M', target='OT', freq='h', checkpoints='./checkpoints/', seq_len=36, label_len=18, pred_len=24, seasonal_patterns='Monthly', mask_rate=0.25, anomaly_ratio=0.25, top_k=5, num_kernels=6, enc_in=7, dec_in=7, c_out=7, d_model=512, n_heads=8, e_layers=2, d_layers=1, d_ff=2048, moving_avg=25, factor=3, distil=True, dropout=0.1, embed='timeF', activation='gelu', output_attention=False, num_workers=10, itr=1, train_epochs=10, batch_size=32, patience=3, learning_rate=0.0001, des='Exp', loss='MSE', lradj='type1', use_amp=False, use_gpu=True, gpu=0, use_multi_gpu=False, devices='0,1,2,3', p_hidden_dims=[128, 128], p_hidden_layers=2)
Use GPU: cuda:0
>>>>>>>start training : long_term_forecast_ili_36_24_Crossformer_custom_ftM_sl36_ll18_pl24_dm512_nh8_el2_dl1_df2048_fc3_ebtimeF_dtTrue_Exp_0>>>>>>>>>>>>>>>>>>>>>>>>>>
train 617
val 74
test 170
Epoch: 1 cost time: 3.0565273761749268
Epoch: 1, Steps: 19 | Train Loss: 1.0876758 Vali Loss: 0.4915155 Test Loss: 4.2253528
Validation loss decreased (inf --> 0.491516).  Saving model ...
Updating learning rate to 0.0001
Epoch: 2 cost time: 2.309952735900879
Epoch: 2, Steps: 19 | Train Loss: 0.6107332 Vali Loss: 0.3564998 Test Loss: 4.2860308
Validation loss decreased (0.491516 --> 0.356500).  Saving model ...
Updating learning rate to 5e-05
Epoch: 3 cost time: 2.2795464992523193
Epoch: 3, Steps: 19 | Train Loss: 0.5090667 Vali Loss: 0.2802972 Test Loss: 4.3418951
Validation loss decreased (0.356500 --> 0.280297).  Saving model ...
Updating learning rate to 2.5e-05
Epoch: 4 cost time: 2.36981463432312
Epoch: 4, Steps: 19 | Train Loss: 0.4639717 Vali Loss: 0.2534090 Test Loss: 4.2405128
Validation loss decreased (0.280297 --> 0.253409).  Saving model ...
Updating learning rate to 1.25e-05
Epoch: 5 cost time: 2.224186420440674
Epoch: 5, Steps: 19 | Train Loss: 0.4484986 Vali Loss: 0.2389120 Test Loss: 4.3076835
Validation loss decreased (0.253409 --> 0.238912).  Saving model ...
Updating learning rate to 6.25e-06
Epoch: 6 cost time: 2.4280049800872803
Epoch: 6, Steps: 19 | Train Loss: 0.4399982 Vali Loss: 0.2384417 Test Loss: 4.2132835
Validation loss decreased (0.238912 --> 0.238442).  Saving model ...
Updating learning rate to 3.125e-06
Epoch: 7 cost time: 2.2586395740509033
Epoch: 7, Steps: 19 | Train Loss: 0.4356444 Vali Loss: 0.2250777 Test Loss: 4.2900400
Validation loss decreased (0.238442 --> 0.225078).  Saving model ...
Updating learning rate to 1.5625e-06
Epoch: 8 cost time: 2.5173873901367188
Epoch: 8, Steps: 19 | Train Loss: 0.4219656 Vali Loss: 0.2317418 Test Loss: 4.3019128
EarlyStopping counter: 1 out of 3
Updating learning rate to 7.8125e-07
Epoch: 9 cost time: 2.231825113296509
Epoch: 9, Steps: 19 | Train Loss: 0.4314424 Vali Loss: 0.2322930 Test Loss: 4.3207202
EarlyStopping counter: 2 out of 3
Updating learning rate to 3.90625e-07
Epoch: 10 cost time: 2.419175624847412
Epoch: 10, Steps: 19 | Train Loss: 0.4322351 Vali Loss: 0.2323337 Test Loss: 4.3143401
EarlyStopping counter: 3 out of 3
Early stopping
>>>>>>>testing : long_term_forecast_ili_36_24_Crossformer_custom_ftM_sl36_ll18_pl24_dm512_nh8_el2_dl1_df2048_fc3_ebtimeF_dtTrue_Exp_0<<<<<<<<<<<<<<<<<<<<<<<<<<<<<<<<<
test 170
test shape: (170, 1, 24, 7) (170, 1, 24, 7)
test shape: (170, 24, 7) (170, 24, 7)
mse:4.290040016174316, mae:1.4109853506088257