Running Model with pred_len 720
Args in experiment:
Namespace(task_name='long_term_forecast', is_training=1, model_id='Exchange_96_720', model='Autoformer', data='custom', root_path='./dataset/exchange_rate/', data_path='exchange_rate.csv', features='M', target='OT', freq='h', checkpoints='./checkpoints/', seq_len=96, label_len=48, pred_len=720, seasonal_patterns='Monthly', mask_rate=0.25, anomaly_ratio=0.25, top_k=5, num_kernels=6, enc_in=8, dec_in=8, c_out=8, d_model=512, n_heads=8, e_layers=2, d_layers=1, d_ff=2048, moving_avg=25, factor=3, distil=True, dropout=0.1, embed='timeF', activation='gelu', output_attention=False, num_workers=10, itr=1, train_epochs=10, batch_size=32, patience=3, learning_rate=0.0001, des='Exp', loss='MSE', lradj='type1', use_amp=False, use_gpu=True, gpu=0, use_multi_gpu=False, devices='0,1,2,3', p_hidden_dims=[128, 128], p_hidden_layers=2)
Use GPU: cuda:0
>>>>>>>start training : long_term_forecast_Exchange_96_720_Autoformer_custom_ftM_sl96_ll48_pl720_dm512_nh8_el2_dl1_df2048_fc3_ebtimeF_dtTrue_Exp_0>>>>>>>>>>>>>>>>>>>>>>>>>>
train 4496
val 41
test 798
	iters: 100, epoch: 1 | loss: 0.8985559
	speed: 0.7090s/iter; left time: 922.3545s
Epoch: 1 cost time: 100.0225887298584
Epoch: 1, Steps: 140 | Train Loss: 0.8996593 Vali Loss: 1.0980079 Test Loss: 1.0644277
Validation loss decreased (inf --> 1.098008).  Saving model ...
Updating learning rate to 0.0001
	iters: 100, epoch: 2 | loss: 0.8530952
	speed: 1.1795s/iter; left time: 1369.4121s
Epoch: 2 cost time: 99.58152365684509
Epoch: 2, Steps: 140 | Train Loss: 0.8672295 Vali Loss: 0.9969793 Test Loss: 1.1808671
Validation loss decreased (1.098008 --> 0.996979).  Saving model ...
Updating learning rate to 5e-05
	iters: 100, epoch: 3 | loss: 0.8683090
	speed: 1.1771s/iter; left time: 1201.7975s
Epoch: 3 cost time: 99.56235933303833
Epoch: 3, Steps: 140 | Train Loss: 0.8491946 Vali Loss: 0.9308816 Test Loss: 1.7275232
Validation loss decreased (0.996979 --> 0.930882).  Saving model ...
Updating learning rate to 2.5e-05
	iters: 100, epoch: 4 | loss: 0.8525274
	speed: 1.1796s/iter; left time: 1039.2308s
Epoch: 4 cost time: 99.5744001865387
Epoch: 4, Steps: 140 | Train Loss: 0.7628984 Vali Loss: 1.8277328 Test Loss: 2.9343960
EarlyStopping counter: 1 out of 3
Updating learning rate to 1.25e-05
	iters: 100, epoch: 5 | loss: 0.7448753
	speed: 1.1741s/iter; left time: 870.0336s
Epoch: 5 cost time: 99.67944955825806
Epoch: 5, Steps: 140 | Train Loss: 0.7416450 Vali Loss: 2.1081975 Test Loss: 3.3883014
EarlyStopping counter: 2 out of 3
Updating learning rate to 6.25e-06
	iters: 100, epoch: 6 | loss: 0.7331315
	speed: 1.1724s/iter; left time: 704.6167s
Epoch: 6 cost time: 99.56159996986389
Epoch: 6, Steps: 140 | Train Loss: 0.7380370 Vali Loss: 2.0190053 Test Loss: 3.0553911
EarlyStopping counter: 3 out of 3
Early stopping
>>>>>>>testing : long_term_forecast_Exchange_96_720_Autoformer_custom_ftM_sl96_ll48_pl720_dm512_nh8_el2_dl1_df2048_fc3_ebtimeF_dtTrue_Exp_0<<<<<<<<<<<<<<<<<<<<<<<<<<<<<<<<<
test 798
test shape: (798, 1, 720, 8) (798, 1, 720, 8)
test shape: (798, 720, 8) (798, 720, 8)
mse:1.7275238037109375, mae:0.9994613528251648