Running Model with pred_len 36...
Args in experiment:
Namespace(task_name='long_term_forecast', is_training=1, model_id='ili_36_36', model='Pyraformer', data='custom', root_path='./dataset/illness/', data_path='national_illness.csv', features='M', target='OT', freq='h', checkpoints='./checkpoints/', seq_len=36, label_len=18, pred_len=36, seasonal_patterns='Monthly', mask_rate=0.25, anomaly_ratio=0.25, top_k=5, num_kernels=6, enc_in=7, dec_in=7, c_out=7, d_model=512, n_heads=8, e_layers=2, d_layers=1, d_ff=2048, moving_avg=25, factor=3, distil=True, dropout=0.1, embed='timeF', activation='gelu', output_attention=False, num_workers=10, itr=1, train_epochs=10, batch_size=32, patience=3, learning_rate=0.0001, des='Exp', loss='MSE', lradj='type1', use_amp=False, use_gpu=True, gpu=0, use_multi_gpu=False, devices='0,1,2,3', p_hidden_dims=[128, 128], p_hidden_layers=2)
Use GPU: cuda:0
>>>>>>>start training : long_term_forecast_ili_36_36_Pyraformer_custom_ftM_sl36_ll18_pl36_dm512_nh8_el2_dl1_df2048_fc3_ebtimeF_dtTrue_Exp_0>>>>>>>>>>>>>>>>>>>>>>>>>>
train 605
val 62
test 158
Epoch: 1 cost time: 1.9242732524871826
Epoch: 1, Steps: 18 | Train Loss: 0.7933145 Vali Loss: 0.3579079 Test Loss: 4.9226623
Validation loss decreased (inf --> 0.357908).  Saving model ...
Updating learning rate to 0.0001
Epoch: 2 cost time: 1.2078750133514404
Epoch: 2, Steps: 18 | Train Loss: 0.5045671 Vali Loss: 0.2085466 Test Loss: 4.7173247
Validation loss decreased (0.357908 --> 0.208547).  Saving model ...
Updating learning rate to 5e-05
Epoch: 3 cost time: 1.3679137229919434
Epoch: 3, Steps: 18 | Train Loss: 0.4267187 Vali Loss: 0.1925059 Test Loss: 5.1419330
Validation loss decreased (0.208547 --> 0.192506).  Saving model ...
Updating learning rate to 2.5e-05
Epoch: 4 cost time: 1.2735707759857178
Epoch: 4, Steps: 18 | Train Loss: 0.3954014 Vali Loss: 0.2218392 Test Loss: 5.2136555
EarlyStopping counter: 1 out of 3
Updating learning rate to 1.25e-05
Epoch: 5 cost time: 1.1873657703399658
Epoch: 5, Steps: 18 | Train Loss: 0.3614492 Vali Loss: 0.2285579 Test Loss: 5.0751700
EarlyStopping counter: 2 out of 3
Updating learning rate to 6.25e-06
Epoch: 6 cost time: 1.2422287464141846
Epoch: 6, Steps: 18 | Train Loss: 0.3608453 Vali Loss: 0.2083274 Test Loss: 5.1776161
EarlyStopping counter: 3 out of 3
Early stopping
>>>>>>>testing : long_term_forecast_ili_36_36_Pyraformer_custom_ftM_sl36_ll18_pl36_dm512_nh8_el2_dl1_df2048_fc3_ebtimeF_dtTrue_Exp_0<<<<<<<<<<<<<<<<<<<<<<<<<<<<<<<<<
test 158
test shape: (158, 1, 36, 7) (158, 1, 36, 7)
test shape: (158, 36, 7) (158, 36, 7)
mse:5.141933441162109, mae:1.536070466041565