
Running Model with pred_len 24...
Args in experiment:
Namespace(task_name='long_term_forecast', is_training=1, model_id='ili_36_24', model='Autoformer', data='custom', root_path='./dataset/illness/', data_path='national_illness.csv', features='M', target='OT', freq='h', checkpoints='./checkpoints/', seq_len=36, label_len=18, pred_len=24, seasonal_patterns='Monthly', mask_rate=0.25, anomaly_ratio=0.25, top_k=5, num_kernels=6, enc_in=7, dec_in=7, c_out=7, d_model=512, n_heads=8, e_layers=2, d_layers=1, d_ff=2048, moving_avg=25, factor=3, distil=True, dropout=0.1, embed='timeF', activation='gelu', output_attention=False, num_workers=10, itr=1, train_epochs=10, batch_size=32, patience=3, learning_rate=0.0001, des='Exp', loss='MSE', lradj='type1', use_amp=False, use_gpu=True, gpu=0, use_multi_gpu=False, devices='0,1,2,3', p_hidden_dims=[128, 128], p_hidden_layers=2)
Use GPU: cuda:0
>>>>>>>start training : long_term_forecast_ili_36_24_Autoformer_custom_ftM_sl36_ll18_pl24_dm512_nh8_el2_dl1_df2048_fc3_ebtimeF_dtTrue_Exp_0>>>>>>>>>>>>>>>>>>>>>>>>>>
train 617
val 74
test 170
Epoch: 1 cost time: 3.208674669265747
Epoch: 1, Steps: 19 | Train Loss: 1.0396848 Vali Loss: 0.6815794 Test Loss: 4.3035779
Validation loss decreased (inf --> 0.681579).  Saving model ...
Updating learning rate to 0.0001
Epoch: 2 cost time: 2.175494432449341
Epoch: 2, Steps: 19 | Train Loss: 0.6857341 Vali Loss: 0.3745635 Test Loss: 3.5149679
Validation loss decreased (0.681579 --> 0.374564).  Saving model ...
Updating learning rate to 5e-05
Epoch: 3 cost time: 2.32377028465271
Epoch: 3, Steps: 19 | Train Loss: 0.5434933 Vali Loss: 0.3322847 Test Loss: 3.2551255
Validation loss decreased (0.374564 --> 0.332285).  Saving model ...
Updating learning rate to 2.5e-05
Epoch: 4 cost time: 2.2092981338500977
Epoch: 4, Steps: 19 | Train Loss: 0.4982677 Vali Loss: 0.3330250 Test Loss: 3.2212477
EarlyStopping counter: 1 out of 3
Updating learning rate to 1.25e-05
Epoch: 5 cost time: 2.320427179336548
Epoch: 5, Steps: 19 | Train Loss: 0.4746018 Vali Loss: 0.3105504 Test Loss: 3.2033005
Validation loss decreased (0.332285 --> 0.310550).  Saving model ...
Updating learning rate to 6.25e-06
Epoch: 6 cost time: 2.2271432876586914
Epoch: 6, Steps: 19 | Train Loss: 0.4751180 Vali Loss: 0.3278664 Test Loss: 3.2049332
EarlyStopping counter: 1 out of 3
Updating learning rate to 3.125e-06
Epoch: 7 cost time: 2.225832939147949
Epoch: 7, Steps: 19 | Train Loss: 0.4564561 Vali Loss: 0.3339293 Test Loss: 3.1907973
EarlyStopping counter: 2 out of 3
Updating learning rate to 1.5625e-06
Epoch: 8 cost time: 2.2838315963745117
Epoch: 8, Steps: 19 | Train Loss: 0.4489261 Vali Loss: 0.3417664 Test Loss: 3.1942344
EarlyStopping counter: 3 out of 3
Early stopping
>>>>>>>testing : long_term_forecast_ili_36_24_Autoformer_custom_ftM_sl36_ll18_pl24_dm512_nh8_el2_dl1_df2048_fc3_ebtimeF_dtTrue_Exp_0<<<<<<<<<<<<<<<<<<<<<<<<<<<<<<<<<
test 170
test shape: (170, 1, 24, 7) (170, 1, 24, 7)
test shape: (170, 24, 7) (170, 24, 7)
mse:3.2033002376556396, mae:1.2413443326950073