Running Model with pred_len 192...
Args in experiment:
Namespace(task_name='long_term_forecast', is_training=1, model_id='Exchange_96_192', model='Crossformer', data='custom', root_path='./dataset/exchange_rate/', data_path='exchange_rate.csv', features='M', target='OT', freq='h', checkpoints='./checkpoints/', seq_len=96, label_len=48, pred_len=192, seasonal_patterns='Monthly', mask_rate=0.25, anomaly_ratio=0.25, top_k=5, num_kernels=6, enc_in=8, dec_in=8, c_out=8, d_model=512, n_heads=8, e_layers=2, d_layers=1, d_ff=2048, moving_avg=25, factor=3, distil=True, dropout=0.1, embed='timeF', activation='gelu', output_attention=False, num_workers=10, itr=1, train_epochs=10, batch_size=32, patience=3, learning_rate=0.0001, des='Exp', loss='MSE', lradj='type1', use_amp=False, use_gpu=True, gpu=0, use_multi_gpu=False, devices='0,1,2,3', p_hidden_dims=[128, 128], p_hidden_layers=2)
Use GPU: cuda:0
>>>>>>>start training : long_term_forecast_Exchange_96_192_Crossformer_custom_ftM_sl96_ll48_pl192_dm512_nh8_el2_dl1_df2048_fc3_ebtimeF_dtTrue_Exp_0>>>>>>>>>>>>>>>>>>>>>>>>>>
train 5024
val 569
test 1326
	iters: 100, epoch: 1 | loss: 0.3401594
	speed: 0.3183s/iter; left time: 468.2804s
Epoch: 1 cost time: 48.88087177276611
Epoch: 1, Steps: 157 | Train Loss: 0.2995834 Vali Loss: 1.0141270 Test Loss: 0.5831627
Validation loss decreased (inf --> 1.014127).  Saving model ...
Updating learning rate to 0.0001
	iters: 100, epoch: 2 | loss: 0.1166608
	speed: 0.7612s/iter; left time: 1000.2040s
Epoch: 2 cost time: 47.10359168052673
Epoch: 2, Steps: 157 | Train Loss: 0.1447776 Vali Loss: 1.0145636 Test Loss: 0.8529596
EarlyStopping counter: 1 out of 3
Updating learning rate to 5e-05
	iters: 100, epoch: 3 | loss: 0.0891257
	speed: 0.7511s/iter; left time: 868.9763s
Epoch: 3 cost time: 47.11968922615051
Epoch: 3, Steps: 157 | Train Loss: 0.0866142 Vali Loss: 1.0157645 Test Loss: 0.7763802
EarlyStopping counter: 2 out of 3
Updating learning rate to 2.5e-05
	iters: 100, epoch: 4 | loss: 0.0701776
	speed: 0.7557s/iter; left time: 755.7038s
Epoch: 4 cost time: 47.07855415344238
Epoch: 4, Steps: 157 | Train Loss: 0.0719182 Vali Loss: 1.0505971 Test Loss: 0.7530608
EarlyStopping counter: 3 out of 3
Early stopping
>>>>>>>testing : long_term_forecast_Exchange_96_192_Crossformer_custom_ftM_sl96_ll48_pl192_dm512_nh8_el2_dl1_df2048_fc3_ebtimeF_dtTrue_Exp_0<<<<<<<<<<<<<<<<<<<<<<<<<<<<<<<<<
test 1326
test shape: (1326, 1, 192, 8) (1326, 1, 192, 8)
test shape: (1326, 192, 8) (1326, 192, 8)
mse:0.5831626057624817, mae:0.5976372361183167