Running Model with pred_len 36...
Args in experiment:
Namespace(task_name='long_term_forecast', is_training=1, model_id='ili_36_36', model='Crossformer', data='custom', root_path='./dataset/illness/', data_path='national_illness.csv', features='M', target='OT', freq='h', checkpoints='./checkpoints/', seq_len=36, label_len=18, pred_len=36, seasonal_patterns='Monthly', mask_rate=0.25, anomaly_ratio=0.25, top_k=5, num_kernels=6, enc_in=7, dec_in=7, c_out=7, d_model=512, n_heads=8, e_layers=2, d_layers=1, d_ff=2048, moving_avg=25, factor=3, distil=True, dropout=0.1, embed='timeF', activation='gelu', output_attention=False, num_workers=10, itr=1, train_epochs=10, batch_size=32, patience=3, learning_rate=0.0001, des='Exp', loss='MSE', lradj='type1', use_amp=False, use_gpu=True, gpu=0, use_multi_gpu=False, devices='0,1,2,3', p_hidden_dims=[128, 128], p_hidden_layers=2)
Use GPU: cuda:0
>>>>>>>start training : long_term_forecast_ili_36_36_Crossformer_custom_ftM_sl36_ll18_pl36_dm512_nh8_el2_dl1_df2048_fc3_ebtimeF_dtTrue_Exp_0>>>>>>>>>>>>>>>>>>>>>>>>>>
train 605
val 62
test 158
Epoch: 1 cost time: 3.025305986404419
Epoch: 1, Steps: 18 | Train Loss: 1.1618056 Vali Loss: 0.6268579 Test Loss: 4.5547118
Validation loss decreased (inf --> 0.626858).  Saving model ...
Updating learning rate to 0.0001
Epoch: 2 cost time: 2.337949275970459
Epoch: 2, Steps: 18 | Train Loss: 0.7411822 Vali Loss: 0.3958389 Test Loss: 4.4908109
Validation loss decreased (0.626858 --> 0.395839).  Saving model ...
Updating learning rate to 5e-05
Epoch: 3 cost time: 2.200164556503296
Epoch: 3, Steps: 18 | Train Loss: 0.6032782 Vali Loss: 0.2971357 Test Loss: 4.7097077
Validation loss decreased (0.395839 --> 0.297136).  Saving model ...
Updating learning rate to 2.5e-05
Epoch: 4 cost time: 2.360168933868408
Epoch: 4, Steps: 18 | Train Loss: 0.5398743 Vali Loss: 0.2623253 Test Loss: 4.2011433
Validation loss decreased (0.297136 --> 0.262325).  Saving model ...
Updating learning rate to 1.25e-05
Epoch: 5 cost time: 2.2270615100860596
Epoch: 5, Steps: 18 | Train Loss: 0.5147406 Vali Loss: 0.2389662 Test Loss: 4.4181323
Validation loss decreased (0.262325 --> 0.238966).  Saving model ...
Updating learning rate to 6.25e-06
Epoch: 6 cost time: 2.383589267730713
Epoch: 6, Steps: 18 | Train Loss: 0.5074340 Vali Loss: 0.2532666 Test Loss: 4.2717886
EarlyStopping counter: 1 out of 3
Updating learning rate to 3.125e-06
Epoch: 7 cost time: 2.2604284286499023
Epoch: 7, Steps: 18 | Train Loss: 0.4783264 Vali Loss: 0.2562637 Test Loss: 4.2971902
EarlyStopping counter: 2 out of 3
Updating learning rate to 1.5625e-06
Epoch: 8 cost time: 2.375394344329834
Epoch: 8, Steps: 18 | Train Loss: 0.4918464 Vali Loss: 0.2245303 Test Loss: 4.2761426
Validation loss decreased (0.238966 --> 0.224530).  Saving model ...
Updating learning rate to 7.8125e-07
Epoch: 9 cost time: 2.243117570877075
Epoch: 9, Steps: 18 | Train Loss: 0.4993896 Vali Loss: 0.2648226 Test Loss: 4.2975631
EarlyStopping counter: 1 out of 3
Updating learning rate to 3.90625e-07
Epoch: 10 cost time: 2.351515531539917
Epoch: 10, Steps: 18 | Train Loss: 0.4873363 Vali Loss: 0.2378019 Test Loss: 4.2998056
EarlyStopping counter: 2 out of 3
Updating learning rate to 1.953125e-07
>>>>>>>testing : long_term_forecast_ili_36_36_Crossformer_custom_ftM_sl36_ll18_pl36_dm512_nh8_el2_dl1_df2048_fc3_ebtimeF_dtTrue_Exp_0<<<<<<<<<<<<<<<<<<<<<<<<<<<<<<<<<
test 158
test shape: (158, 1, 36, 7) (158, 1, 36, 7)
test shape: (158, 36, 7) (158, 36, 7)
mse:4.27614164352417, mae:1.3779501914978027