Running Model with pred_len 24...
Args in experiment:
Namespace(task_name='long_term_forecast', is_training=1, model_id='ili_36_24', model='Pyraformer', data='custom', root_path='./dataset/illness/', data_path='national_illness.csv', features='M', target='OT', freq='h', checkpoints='./checkpoints/', seq_len=36, label_len=18, pred_len=24, seasonal_patterns='Monthly', mask_rate=0.25, anomaly_ratio=0.25, top_k=5, num_kernels=6, enc_in=7, dec_in=7, c_out=7, d_model=512, n_heads=8, e_layers=2, d_layers=1, d_ff=2048, moving_avg=25, factor=3, distil=True, dropout=0.1, embed='timeF', activation='gelu', output_attention=False, num_workers=10, itr=1, train_epochs=10, batch_size=32, patience=3, learning_rate=0.0001, des='Exp', loss='MSE', lradj='type1', use_amp=False, use_gpu=True, gpu=0, use_multi_gpu=False, devices='0,1,2,3', p_hidden_dims=[128, 128], p_hidden_layers=2)
Use GPU: cuda:0
>>>>>>>start training : long_term_forecast_ili_36_24_Pyraformer_custom_ftM_sl36_ll18_pl24_dm512_nh8_el2_dl1_df2048_fc3_ebtimeF_dtTrue_Exp_0>>>>>>>>>>>>>>>>>>>>>>>>>>
train 617
val 74
test 170
Epoch: 1 cost time: 2.0036282539367676
Epoch: 1, Steps: 19 | Train Loss: 0.7297101 Vali Loss: 0.3347444 Test Loss: 4.4923625
Validation loss decreased (inf --> 0.334744).  Saving model ...
Updating learning rate to 0.0001
Epoch: 2 cost time: 1.2390468120574951
Epoch: 2, Steps: 19 | Train Loss: 0.4586009 Vali Loss: 0.2436861 Test Loss: 4.4382644
Validation loss decreased (0.334744 --> 0.243686).  Saving model ...
Updating learning rate to 5e-05
Epoch: 3 cost time: 1.2596964836120605
Epoch: 3, Steps: 19 | Train Loss: 0.3801646 Vali Loss: 0.2454790 Test Loss: 4.2862873
EarlyStopping counter: 1 out of 3
Updating learning rate to 2.5e-05
Epoch: 4 cost time: 1.3502581119537354
Epoch: 4, Steps: 19 | Train Loss: 0.3509961 Vali Loss: 0.2395216 Test Loss: 4.6305399
Validation loss decreased (0.243686 --> 0.239522).  Saving model ...
Updating learning rate to 1.25e-05
Epoch: 5 cost time: 1.2616565227508545
Epoch: 5, Steps: 19 | Train Loss: 0.3343168 Vali Loss: 0.2363745 Test Loss: 4.6982241
Validation loss decreased (0.239522 --> 0.236374).  Saving model ...
Updating learning rate to 6.25e-06
Epoch: 6 cost time: 1.257106065750122
Epoch: 6, Steps: 19 | Train Loss: 0.3285028 Vali Loss: 0.2249276 Test Loss: 4.6397066
Validation loss decreased (0.236374 --> 0.224928).  Saving model ...
Updating learning rate to 3.125e-06
Epoch: 7 cost time: 1.248476266860962
Epoch: 7, Steps: 19 | Train Loss: 0.3224476 Vali Loss: 0.2264145 Test Loss: 4.6966076
EarlyStopping counter: 1 out of 3
Updating learning rate to 1.5625e-06
Epoch: 8 cost time: 1.290794849395752
Epoch: 8, Steps: 19 | Train Loss: 0.3205266 Vali Loss: 0.2320997 Test Loss: 4.6991396
EarlyStopping counter: 2 out of 3
Updating learning rate to 7.8125e-07
Epoch: 9 cost time: 1.2277767658233643
Epoch: 9, Steps: 19 | Train Loss: 0.3194309 Vali Loss: 0.2355015 Test Loss: 4.6440821
EarlyStopping counter: 3 out of 3
Early stopping
>>>>>>>testing : long_term_forecast_ili_36_24_Pyraformer_custom_ftM_sl36_ll18_pl24_dm512_nh8_el2_dl1_df2048_fc3_ebtimeF_dtTrue_Exp_0<<<<<<<<<<<<<<<<<<<<<<<<<<<<<<<<<
test 170
test shape: (170, 1, 24, 7) (170, 1, 24, 7)
test shape: (170, 24, 7) (170, 24, 7)
mse:4.639707088470459, mae:1.4426140785217285