Running Model with pred_len 336
Args in experiment:
Namespace(task_name='long_term_forecast', is_training=1, model_id='Exchange_96_336', model='Autoformer', data='custom', root_path='./dataset/exchange_rate/', data_path='exchange_rate.csv', features='M', target='OT', freq='h', checkpoints='./checkpoints/', seq_len=96, label_len=48, pred_len=336, seasonal_patterns='Monthly', mask_rate=0.25, anomaly_ratio=0.25, top_k=5, num_kernels=6, enc_in=8, dec_in=8, c_out=8, d_model=512, n_heads=8, e_layers=2, d_layers=1, d_ff=2048, moving_avg=25, factor=3, distil=True, dropout=0.1, embed='timeF', activation='gelu', output_attention=False, num_workers=10, itr=1, train_epochs=10, batch_size=32, patience=3, learning_rate=0.0001, des='Exp', loss='MSE', lradj='type1', use_amp=False, use_gpu=True, gpu=0, use_multi_gpu=False, devices='0,1,2,3', p_hidden_dims=[128, 128], p_hidden_layers=2)
Use GPU: cuda:0
>>>>>>>start training : long_term_forecast_Exchange_96_336_Autoformer_custom_ftM_sl96_ll48_pl336_dm512_nh8_el2_dl1_df2048_fc3_ebtimeF_dtTrue_Exp_0>>>>>>>>>>>>>>>>>>>>>>>>>>
train 4880
val 425
test 1182
	iters: 100, epoch: 1 | loss: 0.4441119
	speed: 0.3846s/iter; left time: 546.5866s
Epoch: 1 cost time: 58.58252000808716
Epoch: 1, Steps: 152 | Train Loss: 0.5242838 Vali Loss: 0.4363335 Test Loss: 0.4682145
Validation loss decreased (inf --> 0.436333).  Saving model ...
Updating learning rate to 0.0001
	iters: 100, epoch: 2 | loss: 0.3814764
	speed: 0.8354s/iter; left time: 1060.1669s
Epoch: 2 cost time: 58.630197525024414
Epoch: 2, Steps: 152 | Train Loss: 0.4480658 Vali Loss: 0.7925661 Test Loss: 1.7593129
EarlyStopping counter: 1 out of 3
Updating learning rate to 5e-05
	iters: 100, epoch: 3 | loss: 0.3214642
	speed: 0.8427s/iter; left time: 941.2715s
Epoch: 3 cost time: 59.18340563774109
Epoch: 3, Steps: 152 | Train Loss: 0.3732288 Vali Loss: 0.8834369 Test Loss: 1.9935105
EarlyStopping counter: 2 out of 3
Updating learning rate to 2.5e-05
	iters: 100, epoch: 4 | loss: 0.3092327
	speed: 0.8436s/iter; left time: 814.0546s
Epoch: 4 cost time: 59.406633377075195
Epoch: 4, Steps: 152 | Train Loss: 0.3486340 Vali Loss: 0.7294344 Test Loss: 1.8164595
EarlyStopping counter: 3 out of 3
Early stopping
>>>>>>>testing : long_term_forecast_Exchange_96_336_Autoformer_custom_ftM_sl96_ll48_pl336_dm512_nh8_el2_dl1_df2048_fc3_ebtimeF_dtTrue_Exp_0<<<<<<<<<<<<<<<<<<<<<<<<<<<<<<<<<
test 1182
test shape: (1182, 1, 336, 8) (1182, 1, 336, 8)
test shape: (1182, 336, 8) (1182, 336, 8)
mse:0.4682143032550812, mae:0.508005678653717