
Running Model with pred_len 96...
Args in experiment:
Namespace(task_name='long_term_forecast', is_training=1, model_id='Exchange_96_96', model='Crossformer', data='custom', root_path='./dataset/exchange_rate/', data_path='exchange_rate.csv', features='M', target='OT', freq='h', checkpoints='./checkpoints/', seq_len=96, label_len=48, pred_len=96, seasonal_patterns='Monthly', mask_rate=0.25, anomaly_ratio=0.25, top_k=5, num_kernels=6, enc_in=8, dec_in=8, c_out=8, d_model=512, n_heads=8, e_layers=2, d_layers=1, d_ff=2048, moving_avg=25, factor=3, distil=True, dropout=0.1, embed='timeF', activation='gelu', output_attention=False, num_workers=10, itr=1, train_epochs=10, batch_size=32, patience=3, learning_rate=0.0001, des='Exp', loss='MSE', lradj='type1', use_amp=False, use_gpu=True, gpu=0, use_multi_gpu=False, devices='0,1,2,3', p_hidden_dims=[128, 128], p_hidden_layers=2)
Use GPU: cuda:0
>>>>>>>start training : long_term_forecast_Exchange_96_96_Crossformer_custom_ftM_sl96_ll48_pl96_dm512_nh8_el2_dl1_df2048_fc3_ebtimeF_dtTrue_Exp_0>>>>>>>>>>>>>>>>>>>>>>>>>>
train 5120
val 665
test 1422
	iters: 100, epoch: 1 | loss: 0.1408373
	speed: 0.1745s/iter; left time: 261.9721s
Epoch: 1 cost time: 27.573270082473755
Epoch: 1, Steps: 160 | Train Loss: 0.2088234 Vali Loss: 0.4512789 Test Loss: 0.2197810
Validation loss decreased (inf --> 0.451279).  Saving model ...
Updating learning rate to 0.0001
	iters: 100, epoch: 2 | loss: 0.0843506
	speed: 0.5857s/iter; left time: 785.4187s
Epoch: 2 cost time: 28.19889187812805
Epoch: 2, Steps: 160 | Train Loss: 0.1141379 Vali Loss: 0.5882205 Test Loss: 0.5012496
EarlyStopping counter: 1 out of 3
Updating learning rate to 5e-05
	iters: 100, epoch: 3 | loss: 0.0627511
	speed: 0.5936s/iter; left time: 701.0525s
Epoch: 3 cost time: 30.15926241874695
Epoch: 3, Steps: 160 | Train Loss: 0.0787630 Vali Loss: 0.6206290 Test Loss: 0.4729801
EarlyStopping counter: 2 out of 3
Updating learning rate to 2.5e-05
	iters: 100, epoch: 4 | loss: 0.0694863
	speed: 0.6100s/iter; left time: 622.8090s
Epoch: 4 cost time: 30.452691555023193
Epoch: 4, Steps: 160 | Train Loss: 0.0640782 Vali Loss: 0.5360081 Test Loss: 0.4883505
EarlyStopping counter: 3 out of 3
Early stopping
>>>>>>>testing : long_term_forecast_Exchange_96_96_Crossformer_custom_ftM_sl96_ll48_pl96_dm512_nh8_el2_dl1_df2048_fc3_ebtimeF_dtTrue_Exp_0<<<<<<<<<<<<<<<<<<<<<<<<<<<<<<<<<
test 1422
test shape: (1422, 1, 96, 8) (1422, 1, 96, 8)
test shape: (1422, 96, 8) (1422, 96, 8)
mse:0.21978090703487396, mae:0.3566504418849945