Running Model with pred_len 96
Args in experiment:
Namespace(task_name='long_term_forecast', is_training=1, model_id='Exchange_96_96', model='Autoformer', data='custom', root_path='./dataset/exchange_rate/', data_path='exchange_rate.csv', features='M', target='OT', freq='h', checkpoints='./checkpoints/', seq_len=96, label_len=48, pred_len=96, seasonal_patterns='Monthly', mask_rate=0.25, anomaly_ratio=0.25, top_k=5, num_kernels=6, enc_in=8, dec_in=8, c_out=8, d_model=512, n_heads=8, e_layers=2, d_layers=1, d_ff=2048, moving_avg=25, factor=3, distil=True, dropout=0.1, embed='timeF', activation='gelu', output_attention=False, num_workers=10, itr=1, train_epochs=10, batch_size=32, patience=3, learning_rate=0.0001, des='Exp', loss='MSE', lradj='type1', use_amp=False, use_gpu=True, gpu=0, use_multi_gpu=False, devices='0,1,2,3', p_hidden_dims=[128, 128], p_hidden_layers=2)
Use GPU: cuda:0
>>>>>>>start training : long_term_forecast_Exchange_96_96_Autoformer_custom_ftM_sl96_ll48_pl96_dm512_nh8_el2_dl1_df2048_fc3_ebtimeF_dtTrue_Exp_0>>>>>>>>>>>>>>>>>>>>>>>>>>
train 5120
val 665
test 1422
	iters: 100, epoch: 1 | loss: 0.2086520
	speed: 0.2076s/iter; left time: 311.5391s
Epoch: 1 cost time: 32.7996768951416
Epoch: 1, Steps: 160 | Train Loss: 0.2360040 Vali Loss: 0.1833673 Test Loss: 0.1735946
Validation loss decreased (inf --> 0.183367).  Saving model ...
Updating learning rate to 0.0001
	iters: 100, epoch: 2 | loss: 0.1794657
	speed: 0.6034s/iter; left time: 809.1442s
Epoch: 2 cost time: 32.724390745162964
Epoch: 2, Steps: 160 | Train Loss: 0.2094725 Vali Loss: 0.1923914 Test Loss: 0.1520278
EarlyStopping counter: 1 out of 3
Updating learning rate to 5e-05
	iters: 100, epoch: 3 | loss: 0.1605623
	speed: 0.6076s/iter; left time: 717.6272s
Epoch: 3 cost time: 33.11295032501221
Epoch: 3, Steps: 160 | Train Loss: 0.1959128 Vali Loss: 0.2059294 Test Loss: 0.1658098
EarlyStopping counter: 2 out of 3
Updating learning rate to 2.5e-05
	iters: 100, epoch: 4 | loss: 0.2099838
	speed: 0.6135s/iter; left time: 626.3973s
Epoch: 4 cost time: 33.50442433357239
Epoch: 4, Steps: 160 | Train Loss: 0.1877068 Vali Loss: 0.2142709 Test Loss: 0.1757728
EarlyStopping counter: 3 out of 3
Early stopping
>>>>>>>testing : long_term_forecast_Exchange_96_96_Autoformer_custom_ftM_sl96_ll48_pl96_dm512_nh8_el2_dl1_df2048_fc3_ebtimeF_dtTrue_Exp_0<<<<<<<<<<<<<<<<<<<<<<<<<<<<<<<<<
test 1422
test shape: (1422, 1, 96, 8) (1422, 1, 96, 8)
test shape: (1422, 96, 8) (1422, 96, 8)
mse:0.17359459400177002, mae:0.302678644657135
