Running Model with pred_len 48...
Args in experiment:
Namespace(task_name='long_term_forecast', is_training=1, model_id='ili_36_48', model='FEDformer', data='custom', root_path='./dataset/illness/', data_path='national_illness.csv', features='M', target='OT', freq='h', checkpoints='./checkpoints/', seq_len=36, label_len=18, pred_len=48, seasonal_patterns='Monthly', mask_rate=0.25, anomaly_ratio=0.25, top_k=5, num_kernels=6, enc_in=7, dec_in=7, c_out=7, d_model=512, n_heads=8, e_layers=2, d_layers=1, d_ff=2048, moving_avg=25, factor=3, distil=True, dropout=0.1, embed='timeF', activation='gelu', output_attention=False, num_workers=10, itr=1, train_epochs=10, batch_size=32, patience=3, learning_rate=0.0001, des='Exp', loss='MSE', lradj='type1', use_amp=False, use_gpu=True, gpu=0, use_multi_gpu=False, devices='0,1,2,3', p_hidden_dims=[128, 128], p_hidden_layers=2)
Use GPU: cuda:0
fourier enhanced block used!
modes=32, index=[0, 1, 2, 3, 4, 5, 6, 7, 8, 9, 10, 11, 12, 13, 14, 15, 16, 17]
fourier enhanced block used!
modes=32, index=[0, 1, 2, 3, 4, 5, 6, 7, 8, 9, 10, 11, 12, 13, 14, 15, 16, 17, 18, 19, 20, 21, 22, 23, 24, 25, 27, 28, 29, 30, 31, 32]
 fourier enhanced cross attention used!
modes_q=32, index_q=[0, 1, 2, 3, 4, 5, 6, 7, 8, 9, 10, 11, 12, 13, 14, 15, 16, 18, 19, 20, 21, 22, 23, 24, 25, 26, 27, 28, 29, 30, 31, 32]
modes_kv=18, index_kv=[0, 1, 2, 3, 4, 5, 6, 7, 8, 9, 10, 11, 12, 13, 14, 15, 16, 17]
>>>>>>>start training : long_term_forecast_ili_36_48_FEDformer_custom_ftM_sl36_ll18_pl48_dm512_nh8_el2_dl1_df2048_fc3_ebtimeF_dtTrue_Exp_0>>>>>>>>>>>>>>>>>>>>>>>>>>
train 593
val 50
test 146
Epoch: 1 cost time: 4.995343208312988
Epoch: 1, Steps: 18 | Train Loss: 1.0593968 Vali Loss: 0.5667800 Test Loss: 3.9003966
Validation loss decreased (inf --> 0.566780).  Saving model ...
Updating learning rate to 0.0001
Epoch: 2 cost time: 4.288705348968506
Epoch: 2, Steps: 18 | Train Loss: 0.8435649 Vali Loss: 0.4979584 Test Loss: 3.5231984
Validation loss decreased (0.566780 --> 0.497958).  Saving model ...
Updating learning rate to 5e-05
Epoch: 3 cost time: 4.261737585067749
Epoch: 3, Steps: 18 | Train Loss: 0.7420445 Vali Loss: 0.3706241 Test Loss: 3.1732779
Validation loss decreased (0.497958 --> 0.370624).  Saving model ...
Updating learning rate to 2.5e-05
Epoch: 4 cost time: 4.243957996368408
Epoch: 4, Steps: 18 | Train Loss: 0.6834082 Vali Loss: 0.3795329 Test Loss: 3.0518742
EarlyStopping counter: 1 out of 3
Updating learning rate to 1.25e-05
Epoch: 5 cost time: 4.30107855796814
Epoch: 5, Steps: 18 | Train Loss: 0.6603757 Vali Loss: 0.3430602 Test Loss: 3.0020862
Validation loss decreased (0.370624 --> 0.343060).  Saving model ...
Updating learning rate to 6.25e-06
Epoch: 6 cost time: 4.303441047668457
Epoch: 6, Steps: 18 | Train Loss: 0.6544470 Vali Loss: 0.3315264 Test Loss: 2.9742801
Validation loss decreased (0.343060 --> 0.331526).  Saving model ...
Updating learning rate to 3.125e-06
Epoch: 7 cost time: 4.429255247116089
Epoch: 7, Steps: 18 | Train Loss: 0.6385741 Vali Loss: 0.3085864 Test Loss: 2.9604170
Validation loss decreased (0.331526 --> 0.308586).  Saving model ...
Updating learning rate to 1.5625e-06
Epoch: 8 cost time: 4.401968479156494
Epoch: 8, Steps: 18 | Train Loss: 0.6503452 Vali Loss: 0.3260253 Test Loss: 2.9531939
EarlyStopping counter: 1 out of 3
Updating learning rate to 7.8125e-07
Epoch: 9 cost time: 4.387092590332031
Epoch: 9, Steps: 18 | Train Loss: 0.6412270 Vali Loss: 0.3255498 Test Loss: 2.9508228
EarlyStopping counter: 2 out of 3
Updating learning rate to 3.90625e-07
Epoch: 10 cost time: 4.3498523235321045
Epoch: 10, Steps: 18 | Train Loss: 0.6461780 Vali Loss: 0.3319507 Test Loss: 2.9493196
EarlyStopping counter: 3 out of 3
Early stopping
>>>>>>>testing : long_term_forecast_ili_36_48_FEDformer_custom_ftM_sl36_ll18_pl48_dm512_nh8_el2_dl1_df2048_fc3_ebtimeF_dtTrue_Exp_0<<<<<<<<<<<<<<<<<<<<<<<<<<<<<<<<<
test 146
test shape: (146, 1, 48, 7) (146, 1, 48, 7)
test shape: (146, 48, 7) (146, 48, 7)
mse:2.9604172706604004, mae:1.175756573677063